{"/home/travis/build/npmtest/node-npmtest-url-pattern/test.js":{"path":"/home/travis/build/npmtest/node-npmtest-url-pattern/test.js","s":{"1":2,"2":2,"3":2,"4":2,"5":2,"6":2,"7":2,"8":1,"9":2,"10":2,"11":1,"12":1,"13":1,"14":1,"15":2,"16":2,"17":2,"18":2,"19":1,"20":1,"21":2,"22":2,"23":2,"24":1,"25":1,"26":1,"27":1,"28":1,"29":1,"30":1,"31":1,"32":1,"33":1,"34":1,"35":1,"36":1,"37":1,"38":1,"39":2,"40":2,"41":1,"42":2,"43":2,"44":1,"45":2,"46":2,"47":1,"48":2,"49":2,"50":1,"51":1,"52":1,"53":1,"54":1},"b":{"1":[2,1,1,1],"2":[1,1,1,1],"3":[1,1],"4":[1,1],"5":[1,1],"6":[1,1],"7":[1,1],"8":[1,1],"9":[1,1],"10":[1,1,1],"11":[1,1],"12":[1,1],"13":[1,1],"14":[1,1],"15":[1,1],"16":[1,1],"17":[1,1]},"f":{"1":2,"2":2,"3":2,"4":2,"5":2,"6":1,"7":1,"8":1,"9":2,"10":2,"11":2,"12":2,"13":1},"fnMap":{"1":{"name":"(anonymous_1)","line":12,"loc":{"start":{"line":12,"column":1},"end":{"line":12,"column":13}}},"2":{"name":"(anonymous_2)","line":19,"loc":{"start":{"line":19,"column":5},"end":{"line":19,"column":17}}},"3":{"name":"(anonymous_3)","line":23,"loc":{"start":{"line":23,"column":24},"end":{"line":23,"column":36}}},"4":{"name":"(anonymous_4)","line":61,"loc":{"start":{"line":61,"column":5},"end":{"line":61,"column":17}}},"5":{"name":"(anonymous_5)","line":82,"loc":{"start":{"line":82,"column":5},"end":{"line":82,"column":17}}},"6":{"name":"(anonymous_6)","line":91,"loc":{"start":{"line":91,"column":77},"end":{"line":94,"column":10}}},"7":{"name":"(anonymous_7)","line":112,"loc":{"start":{"line":112,"column":83},"end":{"line":115,"column":10}},"skip":true},"8":{"name":"(anonymous_8)","line":123,"loc":{"start":{"line":123,"column":77},"end":{"line":126,"column":10}},"skip":true},"9":{"name":"(anonymous_9)","line":139,"loc":{"start":{"line":139,"column":12},"end":{"line":139,"column":40}},"skip":true},"10":{"name":"(anonymous_10)","line":147,"loc":{"start":{"line":147,"column":77},"end":{"line":150,"column":10}},"skip":true},"11":{"name":"(anonymous_11)","line":158,"loc":{"start":{"line":158,"column":83},"end":{"line":161,"column":10}},"skip":true},"12":{"name":"(anonymous_12)","line":169,"loc":{"start":{"line":169,"column":79},"end":{"line":172,"column":10}},"skip":true},"13":{"name":"(anonymous_13)","line":180,"loc":{"start":{"line":180,"column":75},"end":{"line":183,"column":10}},"skip":true}},"statementMap":{"1":{"start":{"line":12,"column":0},"end":{"line":195,"column":5}},"2":{"start":{"line":14,"column":4},"end":{"line":14,"column":14}},"3":{"start":{"line":19,"column":4},"end":{"line":56,"column":9}},"4":{"start":{"line":21,"column":8},"end":{"line":21,"column":19}},"5":{"start":{"line":23,"column":8},"end":{"line":35,"column":13}},"6":{"start":{"line":24,"column":12},"end":{"line":34,"column":13}},"7":{"start":{"line":25,"column":16},"end":{"line":28,"column":30}},"8":{"start":{"line":30,"column":16},"end":{"line":33,"column":27}},"9":{"start":{"line":37,"column":8},"end":{"line":39,"column":21}},"10":{"start":{"line":40,"column":8},"end":{"line":53,"column":9}},"11":{"start":{"line":43,"column":12},"end":{"line":46,"column":14}},"12":{"start":{"line":47,"column":12},"end":{"line":47,"column":18}},"13":{"start":{"line":50,"column":12},"end":{"line":51,"column":46}},"14":{"start":{"line":52,"column":12},"end":{"line":52,"column":18}},"15":{"start":{"line":55,"column":8},"end":{"line":55,"column":35}},"16":{"start":{"line":61,"column":4},"end":{"line":63,"column":9}},"17":{"start":{"line":62,"column":8},"end":{"line":62,"column":15}},"18":{"start":{"line":64,"column":4},"end":{"line":77,"column":5}},"19":{"start":{"line":70,"column":8},"end":{"line":70,"column":14}},"20":{"start":{"line":76,"column":8},"end":{"line":76,"column":14}},"21":{"start":{"line":82,"column":4},"end":{"line":84,"column":9}},"22":{"start":{"line":83,"column":8},"end":{"line":83,"column":15}},"23":{"start":{"line":85,"column":4},"end":{"line":194,"column":5}},"24":{"start":{"line":91,"column":8},"end":{"line":99,"column":10}},"25":{"start":{"line":98,"column":12},"end":{"line":98,"column":35}},"26":{"start":{"line":102,"column":8},"end":{"line":104,"column":63}},"27":{"start":{"line":105,"column":8},"end":{"line":105,"column":14}},"28":{"start":{"line":112,"column":8},"end":{"line":121,"column":10},"skip":true},"29":{"start":{"line":119,"column":12},"end":{"line":119,"column":55},"skip":true},"30":{"start":{"line":120,"column":12},"end":{"line":120,"column":48},"skip":true},"31":{"start":{"line":123,"column":8},"end":{"line":136,"column":10},"skip":true},"32":{"start":{"line":130,"column":12},"end":{"line":130,"column":76},"skip":true},"33":{"start":{"line":131,"column":12},"end":{"line":131,"column":73},"skip":true},"34":{"start":{"line":132,"column":12},"end":{"line":132,"column":74},"skip":true},"35":{"start":{"line":133,"column":12},"end":{"line":133,"column":79},"skip":true},"36":{"start":{"line":134,"column":12},"end":{"line":134,"column":25},"skip":true},"37":{"start":{"line":135,"column":12},"end":{"line":135,"column":45},"skip":true},"38":{"start":{"line":138,"column":8},"end":{"line":145,"column":14},"skip":true},"39":{"start":{"line":143,"column":16},"end":{"line":143,"column":29},"skip":true},"40":{"start":{"line":144,"column":16},"end":{"line":144,"column":55},"skip":true},"41":{"start":{"line":147,"column":8},"end":{"line":156,"column":10},"skip":true},"42":{"start":{"line":154,"column":12},"end":{"line":154,"column":25},"skip":true},"43":{"start":{"line":155,"column":12},"end":{"line":155,"column":45},"skip":true},"44":{"start":{"line":158,"column":8},"end":{"line":167,"column":10},"skip":true},"45":{"start":{"line":165,"column":12},"end":{"line":165,"column":25},"skip":true},"46":{"start":{"line":166,"column":12},"end":{"line":166,"column":48},"skip":true},"47":{"start":{"line":169,"column":8},"end":{"line":178,"column":10},"skip":true},"48":{"start":{"line":176,"column":12},"end":{"line":176,"column":25},"skip":true},"49":{"start":{"line":177,"column":12},"end":{"line":177,"column":46},"skip":true},"50":{"start":{"line":180,"column":8},"end":{"line":189,"column":10},"skip":true},"51":{"start":{"line":187,"column":12},"end":{"line":187,"column":94},"skip":true},"52":{"start":{"line":188,"column":12},"end":{"line":188,"column":48},"skip":true},"53":{"start":{"line":192,"column":8},"end":{"line":192,"column":35},"skip":true},"54":{"start":{"line":193,"column":8},"end":{"line":193,"column":14},"skip":true}},"branchMap":{"1":{"line":25,"type":"binary-expr","locations":[{"start":{"line":25,"column":23},"end":{"line":25,"column":62}},{"start":{"line":26,"column":20},"end":{"line":26,"column":70}},{"start":{"line":27,"column":20},"end":{"line":27,"column":71}},{"start":{"line":28,"column":20},"end":{"line":28,"column":29}}]},"2":{"line":30,"type":"binary-expr","locations":[{"start":{"line":30,"column":23},"end":{"line":30,"column":37}},{"start":{"line":31,"column":20},"end":{"line":31,"column":61}},{"start":{"line":32,"column":20},"end":{"line":32,"column":70}},{"start":{"line":33,"column":20},"end":{"line":33,"column":26}}]},"3":{"line":37,"type":"cond-expr","locations":[{"start":{"line":38,"column":14},"end":{"line":38,"column":20}},{"start":{"line":39,"column":14},"end":{"line":39,"column":20}}]},"4":{"line":40,"type":"switch","locations":[{"start":{"line":42,"column":8},"end":{"line":47,"column":18}},{"start":{"line":49,"column":8},"end":{"line":52,"column":18}}]},"5":{"line":44,"type":"binary-expr","locations":[{"start":{"line":44,"column":16},"end":{"line":44,"column":44}},{"start":{"line":44,"column":48},"end":{"line":44,"column":66}}]},"6":{"line":50,"type":"binary-expr","locations":[{"start":{"line":50,"column":21},"end":{"line":50,"column":49}},{"start":{"line":50,"column":53},"end":{"line":50,"column":72}}]},"7":{"line":64,"type":"switch","locations":[{"start":{"line":69,"column":4},"end":{"line":70,"column":14}},{"start":{"line":75,"column":4},"end":{"line":76,"column":14}}]},"8":{"line":85,"type":"switch","locations":[{"start":{"line":90,"column":4},"end":{"line":105,"column":14}},{"start":{"line":111,"column":4},"end":{"line":193,"column":14},"skip":true}]},"9":{"line":91,"type":"binary-expr","locations":[{"start":{"line":91,"column":42},"end":{"line":91,"column":73}},{"start":{"line":91,"column":77},"end":{"line":99,"column":9}}]},"10":{"line":102,"type":"binary-expr","locations":[{"start":{"line":102,"column":18},"end":{"line":102,"column":32}},{"start":{"line":103,"column":12},"end":{"line":103,"column":53}},{"start":{"line":104,"column":12},"end":{"line":104,"column":61}}]},"11":{"line":112,"type":"binary-expr","locations":[{"start":{"line":112,"column":45},"end":{"line":112,"column":79},"skip":true},{"start":{"line":112,"column":83},"end":{"line":121,"column":9},"skip":true}]},"12":{"line":123,"type":"binary-expr","locations":[{"start":{"line":123,"column":42},"end":{"line":123,"column":73},"skip":true},{"start":{"line":123,"column":77},"end":{"line":136,"column":9},"skip":true}]},"13":{"line":138,"type":"binary-expr","locations":[{"start":{"line":138,"column":48},"end":{"line":138,"column":85},"skip":true},{"start":{"line":139,"column":12},"end":{"line":145,"column":13},"skip":true}]},"14":{"line":147,"type":"binary-expr","locations":[{"start":{"line":147,"column":42},"end":{"line":147,"column":73},"skip":true},{"start":{"line":147,"column":77},"end":{"line":156,"column":9},"skip":true}]},"15":{"line":158,"type":"binary-expr","locations":[{"start":{"line":158,"column":45},"end":{"line":158,"column":79},"skip":true},{"start":{"line":158,"column":83},"end":{"line":167,"column":9},"skip":true}]},"16":{"line":169,"type":"binary-expr","locations":[{"start":{"line":169,"column":43},"end":{"line":169,"column":75},"skip":true},{"start":{"line":169,"column":79},"end":{"line":178,"column":9},"skip":true}]},"17":{"line":180,"type":"binary-expr","locations":[{"start":{"line":180,"column":41},"end":{"line":180,"column":71},"skip":true},{"start":{"line":180,"column":75},"end":{"line":189,"column":9},"skip":true}]}},"code":["/* istanbul instrument in package npmtest_url_pattern */","/*jslint","    bitwise: true,","    browser: true,","    maxerr: 8,","    maxlen: 96,","    node: true,","    nomen: true,","    regexp: true,","    stupid: true","*/","(function () {","    'use strict';","    var local;","","","","    // run shared js-env code - pre-init","    (function () {","        // init local","        local = {};","        // init modeJs","        local.modeJs = (function () {","            try {","                return typeof navigator.userAgent === 'string' &&","                    typeof document.querySelector('body') === 'object' &&","                    typeof XMLHttpRequest.prototype.open === 'function' &&","                    'browser';","            } catch (errorCaughtBrowser) {","                return module.exports &&","                    typeof process.versions.node === 'string' &&","                    typeof require('http').createServer === 'function' &&","                    'node';","            }","        }());","        // init global","        local.global = local.modeJs === 'browser'","            ? window","            : global;","        switch (local.modeJs) {","        // re-init local from window.local","        case 'browser':","            local = local.global.utility2.objectSetDefault(","                local.global.utility2_rollup || local.global.local,","                local.global.utility2","            );","            break;","        // re-init local from example.js","        case 'node':","            local = (local.global.utility2_rollup || require('utility2'))","                .requireExampleJsFromReadme();","            break;","        }","        // export local","        local.global.local = local;","    }());","","","","    // run shared js-env code - function","    (function () {","        return;","    }());","    switch (local.modeJs) {","","","","    // run browser js-env code - function","    case 'browser':","        break;","","","","    // run node js-env code - function","    case 'node':","        break;","    }","","","","    // run shared js-env code - post-init","    (function () {","        return;","    }());","    switch (local.modeJs) {","","","","    // run browser js-env code - post-init","    case 'browser':","        local.testCase_browser_nullCase = local.testCase_browser_nullCase || function (","            options,","            onError","        ) {","        /*","         * this function will test browsers's null-case handling-behavior-behavior","         */","            onError(null, options);","        };","","        // run tests","        local.nop(local.modeTest &&","            document.querySelector('#testRunButton1') &&","            document.querySelector('#testRunButton1').click());","        break;","","","","    // run node js-env code - post-init","    /* istanbul ignore next */","    case 'node':","        local.testCase_buildApidoc_default = local.testCase_buildApidoc_default || function (","            options,","            onError","        ) {","        /*","         * this function will test buildApidoc's default handling-behavior-behavior","         */","            options = { modulePathList: module.paths };","            local.buildApidoc(options, onError);","        };","","        local.testCase_buildApp_default = local.testCase_buildApp_default || function (","            options,","            onError","        ) {","        /*","         * this function will test buildApp's default handling-behavior-behavior","         */","            local.testCase_buildReadme_default(options, local.onErrorThrow);","            local.testCase_buildLib_default(options, local.onErrorThrow);","            local.testCase_buildTest_default(options, local.onErrorThrow);","            local.testCase_buildCustomOrg_default(options, local.onErrorThrow);","            options = [];","            local.buildApp(options, onError);","        };","","        local.testCase_buildCustomOrg_default = local.testCase_buildCustomOrg_default ||","            function (options, onError) {","            /*","             * this function will test buildCustomOrg's default handling-behavior","             */","                options = {};","                local.buildCustomOrg(options, onError);","            };","","        local.testCase_buildLib_default = local.testCase_buildLib_default || function (","            options,","            onError","        ) {","        /*","         * this function will test buildLib's default handling-behavior","         */","            options = {};","            local.buildLib(options, onError);","        };","","        local.testCase_buildReadme_default = local.testCase_buildReadme_default || function (","            options,","            onError","        ) {","        /*","         * this function will test buildReadme's default handling-behavior-behavior","         */","            options = {};","            local.buildReadme(options, onError);","        };","","        local.testCase_buildTest_default = local.testCase_buildTest_default || function (","            options,","            onError","        ) {","        /*","         * this function will test buildTest's default handling-behavior","         */","            options = {};","            local.buildTest(options, onError);","        };","","        local.testCase_webpage_default = local.testCase_webpage_default || function (","            options,","            onError","        ) {","        /*","         * this function will test webpage's default handling-behavior","         */","            options = { modeCoverageMerge: true, url: local.serverLocalHost + '?modeTest=1' };","            local.browserTest(options, onError);","        };","","        // run test-server","        local.testRunServer(local);","        break;","    }","}());",""],"l":{"12":2,"14":2,"19":2,"21":2,"23":2,"24":2,"25":2,"30":1,"37":2,"40":2,"43":1,"47":1,"50":1,"52":1,"55":2,"61":2,"62":2,"64":2,"70":1,"76":1,"82":2,"83":2,"85":2,"91":1,"98":1,"102":1,"105":1,"112":1,"119":1,"120":1,"123":1,"130":1,"131":1,"132":1,"133":1,"134":1,"135":1,"138":1,"143":2,"144":2,"147":1,"154":2,"155":2,"158":1,"165":2,"166":2,"169":1,"176":2,"177":2,"180":1,"187":1,"188":1,"192":1,"193":1}},"/home/travis/build/npmtest/node-npmtest-url-pattern/lib.npmtest_url_pattern.js":{"path":"/home/travis/build/npmtest/node-npmtest-url-pattern/lib.npmtest_url_pattern.js","s":{"1":2,"2":2,"3":2,"4":2,"5":2,"6":2,"7":2,"8":1,"9":2,"10":2,"11":2,"12":2,"13":1,"14":1,"15":1,"16":1},"b":{"1":[2,1,1,1],"2":[1,1,1,1],"3":[1,1],"4":[2,2],"5":[1,1]},"f":{"1":2,"2":2,"3":2},"fnMap":{"1":{"name":"(anonymous_1)","line":12,"loc":{"start":{"line":12,"column":1},"end":{"line":12,"column":13}}},"2":{"name":"(anonymous_2)","line":19,"loc":{"start":{"line":19,"column":5},"end":{"line":19,"column":17}}},"3":{"name":"(anonymous_3)","line":23,"loc":{"start":{"line":23,"column":24},"end":{"line":23,"column":36}}}},"statementMap":{"1":{"start":{"line":12,"column":0},"end":{"line":53,"column":5}},"2":{"start":{"line":14,"column":4},"end":{"line":14,"column":14}},"3":{"start":{"line":19,"column":4},"end":{"line":52,"column":9}},"4":{"start":{"line":21,"column":8},"end":{"line":21,"column":19}},"5":{"start":{"line":23,"column":8},"end":{"line":35,"column":13}},"6":{"start":{"line":24,"column":12},"end":{"line":34,"column":13}},"7":{"start":{"line":25,"column":16},"end":{"line":28,"column":30}},"8":{"start":{"line":30,"column":16},"end":{"line":33,"column":27}},"9":{"start":{"line":37,"column":8},"end":{"line":39,"column":21}},"10":{"start":{"line":41,"column":8},"end":{"line":41,"column":54}},"11":{"start":{"line":43,"column":8},"end":{"line":43,"column":56}},"12":{"start":{"line":45,"column":8},"end":{"line":51,"column":9}},"13":{"start":{"line":46,"column":12},"end":{"line":46,"column":62}},"14":{"start":{"line":48,"column":12},"end":{"line":48,"column":35}},"15":{"start":{"line":49,"column":12},"end":{"line":49,"column":49}},"16":{"start":{"line":50,"column":12},"end":{"line":50,"column":43}}},"branchMap":{"1":{"line":25,"type":"binary-expr","locations":[{"start":{"line":25,"column":23},"end":{"line":25,"column":62}},{"start":{"line":26,"column":20},"end":{"line":26,"column":70}},{"start":{"line":27,"column":20},"end":{"line":27,"column":71}},{"start":{"line":28,"column":20},"end":{"line":28,"column":29}}]},"2":{"line":30,"type":"binary-expr","locations":[{"start":{"line":30,"column":23},"end":{"line":30,"column":37}},{"start":{"line":31,"column":20},"end":{"line":31,"column":61}},{"start":{"line":32,"column":20},"end":{"line":32,"column":70}},{"start":{"line":33,"column":20},"end":{"line":33,"column":26}}]},"3":{"line":37,"type":"cond-expr","locations":[{"start":{"line":38,"column":14},"end":{"line":38,"column":20}},{"start":{"line":39,"column":14},"end":{"line":39,"column":20}}]},"4":{"line":41,"type":"binary-expr","locations":[{"start":{"line":41,"column":16},"end":{"line":41,"column":44}},{"start":{"line":41,"column":48},"end":{"line":41,"column":53}}]},"5":{"line":45,"type":"if","locations":[{"start":{"line":45,"column":8},"end":{"line":45,"column":8}},{"start":{"line":45,"column":8},"end":{"line":45,"column":8}}]}},"code":["/* istanbul instrument in package npmtest_url_pattern */","/*jslint","    bitwise: true,","    browser: true,","    maxerr: 8,","    maxlen: 96,","    node: true,","    nomen: true,","    regexp: true,","    stupid: true","*/","(function () {","    'use strict';","    var local;","","","","    // run shared js-env code - pre-init","    (function () {","        // init local","        local = {};","        // init modeJs","        local.modeJs = (function () {","            try {","                return typeof navigator.userAgent === 'string' &&","                    typeof document.querySelector('body') === 'object' &&","                    typeof XMLHttpRequest.prototype.open === 'function' &&","                    'browser';","            } catch (errorCaughtBrowser) {","                return module.exports &&","                    typeof process.versions.node === 'string' &&","                    typeof require('http').createServer === 'function' &&","                    'node';","            }","        }());","        // init global","        local.global = local.modeJs === 'browser'","            ? window","            : global;","        // init utility2_rollup","        local = local.global.utility2_rollup || local;","        // init lib","        local.local = local.npmtest_url_pattern = local;","        // init exports","        if (local.modeJs === 'browser') {","            local.global.utility2_npmtest_url_pattern = local;","        } else {","            module.exports = local;","            module.exports.__dirname = __dirname;","            module.exports.module = module;","        }","    }());","}());",""],"l":{"12":2,"14":2,"19":2,"21":2,"23":2,"24":2,"25":2,"30":1,"37":2,"41":2,"43":2,"45":2,"46":1,"48":1,"49":1,"50":1}},"/home/travis/build/npmtest/node-npmtest-url-pattern/example.js":{"path":"/home/travis/build/npmtest/node-npmtest-url-pattern/example.js","s":{"1":2,"2":2,"3":2,"4":2,"5":2,"6":2,"7":2,"8":1,"9":2,"10":2,"11":2,"12":2,"13":1,"14":2,"15":2,"16":2,"17":2,"18":2,"19":0,"20":2,"21":1,"22":1,"23":1,"24":1,"25":1,"26":0,"27":0,"28":1,"29":1,"30":2,"31":0,"32":0,"33":0,"34":1,"35":2,"36":2,"37":3,"38":3,"39":3,"40":3,"41":0,"42":3,"43":3,"44":3,"45":1,"46":3,"47":1,"48":1,"49":1,"50":1,"51":1,"52":1,"53":1,"54":1,"55":1,"56":1,"57":0,"58":1,"59":6,"60":6,"61":1,"62":2,"63":0,"64":2,"65":1,"66":1,"67":0,"68":0,"69":0,"70":0,"71":0,"72":0,"73":0,"74":0,"75":0,"76":0,"77":0,"78":0,"79":0,"80":0,"81":0,"82":0,"83":0},"b":{"1":[2,1,1,1],"2":[1,1,1,1],"3":[1,1],"4":[2,2],"5":[1,1],"6":[1,1],"7":[2,0],"8":[2,1,1,1,1,1],"9":[0,2,0],"10":[1,1],"11":[2,1,1],"12":[1,0],"13":[0,2],"14":[2,0,0,0,0,0,0],"15":[0,3],"16":[3,0],"17":[1,1],"18":[0,1],"19":[1,2,0,2],"20":[1,0],"21":[1,1],"22":[0,0],"23":[0,0],"24":[0,0],"25":[0,0],"26":[0,0],"27":[0,0],"28":[0,0]},"f":{"1":2,"2":2,"3":2,"4":2,"5":2,"6":2,"7":3,"8":3,"9":3,"10":1,"11":6,"12":0},"fnMap":{"1":{"name":"(anonymous_1)","line":26,"loc":{"start":{"line":26,"column":1},"end":{"line":26,"column":13}}},"2":{"name":"(anonymous_2)","line":33,"loc":{"start":{"line":33,"column":5},"end":{"line":33,"column":17}}},"3":{"name":"(anonymous_3)","line":37,"loc":{"start":{"line":37,"column":24},"end":{"line":37,"column":36}}},"4":{"name":"(anonymous_4)","line":69,"loc":{"start":{"line":69,"column":31},"end":{"line":69,"column":48}},"skip":true},"5":{"name":"(anonymous_5)","line":78,"loc":{"start":{"line":78,"column":26},"end":{"line":78,"column":45}},"skip":true},"6":{"name":"(anonymous_6)","line":123,"loc":{"start":{"line":123,"column":33},"end":{"line":123,"column":48}},"skip":true},"7":{"name":"(anonymous_7)","line":125,"loc":{"start":{"line":125,"column":27},"end":{"line":125,"column":39}},"skip":true},"8":{"name":"(anonymous_8)","line":133,"loc":{"start":{"line":133,"column":59},"end":{"line":133,"column":74}},"skip":true},"9":{"name":"(anonymous_9)","line":143,"loc":{"start":{"line":143,"column":45},"end":{"line":143,"column":62}},"skip":true},"10":{"name":"(anonymous_10)","line":144,"loc":{"start":{"line":144,"column":73},"end":{"line":144,"column":92}},"skip":true},"11":{"name":"(anonymous_11)","line":272,"loc":{"start":{"line":272,"column":51},"end":{"line":272,"column":77}},"skip":true},"12":{"name":"(anonymous_12)","line":315,"loc":{"start":{"line":315,"column":32},"end":{"line":315,"column":61}},"skip":true}},"statementMap":{"1":{"start":{"line":26,"column":0},"end":{"line":326,"column":5}},"2":{"start":{"line":28,"column":4},"end":{"line":28,"column":14}},"3":{"start":{"line":33,"column":4},"end":{"line":60,"column":9}},"4":{"start":{"line":35,"column":8},"end":{"line":35,"column":19}},"5":{"start":{"line":37,"column":8},"end":{"line":49,"column":13}},"6":{"start":{"line":38,"column":12},"end":{"line":48,"column":13}},"7":{"start":{"line":39,"column":16},"end":{"line":42,"column":30}},"8":{"start":{"line":44,"column":16},"end":{"line":47,"column":27}},"9":{"start":{"line":51,"column":8},"end":{"line":53,"column":21}},"10":{"start":{"line":55,"column":8},"end":{"line":57,"column":45}},"11":{"start":{"line":59,"column":8},"end":{"line":59,"column":35}},"12":{"start":{"line":61,"column":4},"end":{"line":325,"column":5}},"13":{"start":{"line":69,"column":8},"end":{"line":121,"column":10},"skip":true},"14":{"start":{"line":70,"column":12},"end":{"line":88,"column":13},"skip":true},"15":{"start":{"line":76,"column":16},"end":{"line":87,"column":19},"skip":true},"16":{"start":{"line":79,"column":20},"end":{"line":86,"column":21},"skip":true},"17":{"start":{"line":82,"column":24},"end":{"line":82,"column":43},"skip":true},"18":{"start":{"line":83,"column":24},"end":{"line":83,"column":30},"skip":true},"19":{"start":{"line":85,"column":24},"end":{"line":85,"column":49},"skip":true},"20":{"start":{"line":89,"column":12},"end":{"line":107,"column":13},"skip":true},"21":{"start":{"line":92,"column":16},"end":{"line":102,"column":17},"skip":true},"22":{"start":{"line":93,"column":20},"end":{"line":93,"column":86},"skip":true},"23":{"start":{"line":94,"column":20},"end":{"line":95,"column":45},"skip":true},"24":{"start":{"line":96,"column":20},"end":{"line":96,"column":42},"skip":true},"25":{"start":{"line":97,"column":20},"end":{"line":97,"column":48},"skip":true},"26":{"start":{"line":100,"column":20},"end":{"line":100,"column":85},"skip":true},"27":{"start":{"line":101,"column":20},"end":{"line":101,"column":96},"skip":true},"28":{"start":{"line":103,"column":16},"end":{"line":103,"column":22},"skip":true},"29":{"start":{"line":106,"column":16},"end":{"line":106,"column":22},"skip":true},"30":{"start":{"line":108,"column":12},"end":{"line":120,"column":13},"skip":true},"31":{"start":{"line":114,"column":16},"end":{"line":119,"column":17},"skip":true},"32":{"start":{"line":116,"column":20},"end":{"line":116,"column":78},"skip":true},"33":{"start":{"line":118,"column":20},"end":{"line":118,"column":47},"skip":true},"34":{"start":{"line":123,"column":8},"end":{"line":141,"column":11},"skip":true},"35":{"start":{"line":124,"column":12},"end":{"line":124,"column":54},"skip":true},"36":{"start":{"line":125,"column":12},"end":{"line":140,"column":14},"skip":true},"37":{"start":{"line":126,"column":16},"end":{"line":126,"column":28},"skip":true},"38":{"start":{"line":127,"column":16},"end":{"line":127,"column":69},"skip":true},"39":{"start":{"line":128,"column":16},"end":{"line":128,"column":75},"skip":true},"40":{"start":{"line":129,"column":16},"end":{"line":131,"column":17},"skip":true},"41":{"start":{"line":130,"column":20},"end":{"line":130,"column":27},"skip":true},"42":{"start":{"line":133,"column":16},"end":{"line":137,"column":36},"skip":true},"43":{"start":{"line":134,"column":20},"end":{"line":136,"column":55},"skip":true},"44":{"start":{"line":139,"column":16},"end":{"line":139,"column":57},"skip":true},"45":{"start":{"line":143,"column":8},"end":{"line":147,"column":11},"skip":true},"46":{"start":{"line":144,"column":12},"end":{"line":146,"column":15},"skip":true},"47":{"start":{"line":145,"column":16},"end":{"line":145,"column":70},"skip":true},"48":{"start":{"line":149,"column":8},"end":{"line":149,"column":31},"skip":true},"49":{"start":{"line":150,"column":8},"end":{"line":150,"column":14},"skip":true},"50":{"start":{"line":158,"column":8},"end":{"line":158,"column":31},"skip":true},"51":{"start":{"line":160,"column":8},"end":{"line":160,"column":33},"skip":true},"52":{"start":{"line":161,"column":8},"end":{"line":161,"column":37},"skip":true},"53":{"start":{"line":162,"column":8},"end":{"line":162,"column":35},"skip":true},"54":{"start":{"line":164,"column":8},"end":{"line":164,"column":50},"skip":true},"55":{"start":{"line":166,"column":8},"end":{"line":256,"column":2},"skip":true},"56":{"start":{"line":258,"column":8},"end":{"line":286,"column":9},"skip":true},"57":{"start":{"line":259,"column":12},"end":{"line":269,"column":14},"skip":true},"58":{"start":{"line":271,"column":12},"end":{"line":285,"column":19},"skip":true},"59":{"start":{"line":274,"column":20},"end":{"line":274,"column":35},"skip":true},"60":{"start":{"line":275,"column":20},"end":{"line":284,"column":21},"skip":true},"61":{"start":{"line":277,"column":24},"end":{"line":277,"column":64},"skip":true},"62":{"start":{"line":279,"column":24},"end":{"line":279,"column":40},"skip":true},"63":{"start":{"line":281,"column":24},"end":{"line":281,"column":40},"skip":true},"64":{"start":{"line":283,"column":24},"end":{"line":283,"column":39},"skip":true},"65":{"start":{"line":288,"column":8},"end":{"line":290,"column":9},"skip":true},"66":{"start":{"line":289,"column":12},"end":{"line":289,"column":18},"skip":true},"67":{"start":{"line":291,"column":8},"end":{"line":293,"column":54},"skip":true},"68":{"start":{"line":296,"column":8},"end":{"line":301,"column":37},"skip":true},"69":{"start":{"line":303,"column":8},"end":{"line":303,"column":82},"skip":true},"70":{"start":{"line":306,"column":8},"end":{"line":308,"column":9},"skip":true},"71":{"start":{"line":307,"column":12},"end":{"line":307,"column":82},"skip":true},"72":{"start":{"line":310,"column":8},"end":{"line":312,"column":9},"skip":true},"73":{"start":{"line":311,"column":12},"end":{"line":311,"column":18},"skip":true},"74":{"start":{"line":313,"column":8},"end":{"line":313,"column":54},"skip":true},"75":{"start":{"line":314,"column":8},"end":{"line":314,"column":69},"skip":true},"76":{"start":{"line":315,"column":8},"end":{"line":323,"column":36},"skip":true},"77":{"start":{"line":316,"column":12},"end":{"line":316,"column":61},"skip":true},"78":{"start":{"line":317,"column":12},"end":{"line":320,"column":13},"skip":true},"79":{"start":{"line":318,"column":16},"end":{"line":318,"column":75},"skip":true},"80":{"start":{"line":319,"column":16},"end":{"line":319,"column":23},"skip":true},"81":{"start":{"line":321,"column":12},"end":{"line":321,"column":38},"skip":true},"82":{"start":{"line":322,"column":12},"end":{"line":322,"column":27},"skip":true},"83":{"start":{"line":324,"column":8},"end":{"line":324,"column":14},"skip":true}},"branchMap":{"1":{"line":39,"type":"binary-expr","locations":[{"start":{"line":39,"column":23},"end":{"line":39,"column":62}},{"start":{"line":40,"column":20},"end":{"line":40,"column":70}},{"start":{"line":41,"column":20},"end":{"line":41,"column":71}},{"start":{"line":42,"column":20},"end":{"line":42,"column":29}}]},"2":{"line":44,"type":"binary-expr","locations":[{"start":{"line":44,"column":23},"end":{"line":44,"column":37}},{"start":{"line":45,"column":20},"end":{"line":45,"column":61}},{"start":{"line":46,"column":20},"end":{"line":46,"column":70}},{"start":{"line":47,"column":20},"end":{"line":47,"column":26}}]},"3":{"line":51,"type":"cond-expr","locations":[{"start":{"line":52,"column":14},"end":{"line":52,"column":20}},{"start":{"line":53,"column":14},"end":{"line":53,"column":20}}]},"4":{"line":55,"type":"binary-expr","locations":[{"start":{"line":55,"column":16},"end":{"line":55,"column":44}},{"start":{"line":55,"column":49},"end":{"line":57,"column":43}}]},"5":{"line":55,"type":"cond-expr","locations":[{"start":{"line":56,"column":14},"end":{"line":56,"column":55}},{"start":{"line":57,"column":14},"end":{"line":57,"column":43}}]},"6":{"line":61,"type":"switch","locations":[{"start":{"line":68,"column":4},"end":{"line":150,"column":14},"skip":true},{"start":{"line":156,"column":4},"end":{"line":324,"column":14},"skip":true}]},"7":{"line":70,"type":"if","locations":[{"start":{"line":70,"column":12},"end":{"line":70,"column":12},"skip":true},{"start":{"line":70,"column":12},"end":{"line":70,"column":12},"skip":true}]},"8":{"line":70,"type":"binary-expr","locations":[{"start":{"line":70,"column":16},"end":{"line":70,"column":22},"skip":true},{"start":{"line":70,"column":27},"end":{"line":70,"column":32},"skip":true},{"start":{"line":71,"column":20},"end":{"line":71,"column":39},"skip":true},{"start":{"line":72,"column":20},"end":{"line":72,"column":49},"skip":true},{"start":{"line":73,"column":20},"end":{"line":73,"column":58},"skip":true},{"start":{"line":74,"column":20},"end":{"line":74,"column":69},"skip":true}]},"9":{"line":79,"type":"switch","locations":[{"start":{"line":80,"column":20},"end":{"line":80,"column":33},"skip":true},{"start":{"line":81,"column":20},"end":{"line":83,"column":30},"skip":true},{"start":{"line":84,"column":20},"end":{"line":85,"column":49},"skip":true}]},"10":{"line":89,"type":"switch","locations":[{"start":{"line":90,"column":12},"end":{"line":103,"column":22},"skip":true},{"start":{"line":105,"column":12},"end":{"line":106,"column":22},"skip":true}]},"11":{"line":89,"type":"binary-expr","locations":[{"start":{"line":89,"column":20},"end":{"line":89,"column":25},"skip":true},{"start":{"line":89,"column":29},"end":{"line":89,"column":48},"skip":true},{"start":{"line":89,"column":52},"end":{"line":89,"column":74},"skip":true}]},"12":{"line":92,"type":"if","locations":[{"start":{"line":92,"column":16},"end":{"line":92,"column":16},"skip":true},{"start":{"line":92,"column":16},"end":{"line":92,"column":16},"skip":true}]},"13":{"line":108,"type":"if","locations":[{"start":{"line":108,"column":12},"end":{"line":108,"column":12},"skip":true},{"start":{"line":108,"column":12},"end":{"line":108,"column":12},"skip":true}]},"14":{"line":108,"type":"binary-expr","locations":[{"start":{"line":108,"column":16},"end":{"line":108,"column":61},"skip":true},{"start":{"line":108,"column":66},"end":{"line":108,"column":72},"skip":true},{"start":{"line":108,"column":77},"end":{"line":108,"column":82},"skip":true},{"start":{"line":109,"column":20},"end":{"line":109,"column":39},"skip":true},{"start":{"line":110,"column":20},"end":{"line":110,"column":49},"skip":true},{"start":{"line":111,"column":20},"end":{"line":111,"column":58},"skip":true},{"start":{"line":112,"column":20},"end":{"line":112,"column":68},"skip":true}]},"15":{"line":129,"type":"if","locations":[{"start":{"line":129,"column":16},"end":{"line":129,"column":16},"skip":true},{"start":{"line":129,"column":16},"end":{"line":129,"column":16},"skip":true}]},"16":{"line":134,"type":"cond-expr","locations":[{"start":{"line":135,"column":26},"end":{"line":135,"column":29},"skip":true},{"start":{"line":136,"column":26},"end":{"line":136,"column":54},"skip":true}]},"17":{"line":164,"type":"binary-expr","locations":[{"start":{"line":164,"column":27},"end":{"line":164,"column":43},"skip":true},{"start":{"line":164,"column":47},"end":{"line":164,"column":49},"skip":true}]},"18":{"line":258,"type":"if","locations":[{"start":{"line":258,"column":8},"end":{"line":258,"column":8},"skip":true},{"start":{"line":258,"column":8},"end":{"line":258,"column":8},"skip":true}]},"19":{"line":275,"type":"switch","locations":[{"start":{"line":276,"column":20},"end":{"line":277,"column":64},"skip":true},{"start":{"line":278,"column":20},"end":{"line":279,"column":40},"skip":true},{"start":{"line":280,"column":20},"end":{"line":281,"column":40},"skip":true},{"start":{"line":282,"column":20},"end":{"line":283,"column":39},"skip":true}]},"20":{"line":288,"type":"if","locations":[{"start":{"line":288,"column":8},"end":{"line":288,"column":8},"skip":true},{"start":{"line":288,"column":8},"end":{"line":288,"column":8},"skip":true}]},"21":{"line":288,"type":"binary-expr","locations":[{"start":{"line":288,"column":12},"end":{"line":288,"column":40},"skip":true},{"start":{"line":288,"column":44},"end":{"line":288,"column":67},"skip":true}]},"22":{"line":292,"type":"binary-expr","locations":[{"start":{"line":292,"column":12},"end":{"line":292,"column":50},"skip":true},{"start":{"line":293,"column":12},"end":{"line":293,"column":53},"skip":true}]},"23":{"line":297,"type":"binary-expr","locations":[{"start":{"line":297,"column":12},"end":{"line":297,"column":69},"skip":true},{"start":{"line":298,"column":12},"end":{"line":301,"column":36},"skip":true}]},"24":{"line":303,"type":"binary-expr","locations":[{"start":{"line":303,"column":43},"end":{"line":303,"column":75},"skip":true},{"start":{"line":303,"column":79},"end":{"line":303,"column":81},"skip":true}]},"25":{"line":306,"type":"if","locations":[{"start":{"line":306,"column":8},"end":{"line":306,"column":8},"skip":true},{"start":{"line":306,"column":8},"end":{"line":306,"column":8},"skip":true}]},"26":{"line":310,"type":"if","locations":[{"start":{"line":310,"column":8},"end":{"line":310,"column":8},"skip":true},{"start":{"line":310,"column":8},"end":{"line":310,"column":8},"skip":true}]},"27":{"line":313,"type":"binary-expr","locations":[{"start":{"line":313,"column":27},"end":{"line":313,"column":43},"skip":true},{"start":{"line":313,"column":47},"end":{"line":313,"column":53},"skip":true}]},"28":{"line":317,"type":"if","locations":[{"start":{"line":317,"column":12},"end":{"line":317,"column":12},"skip":true},{"start":{"line":317,"column":12},"end":{"line":317,"column":12},"skip":true}]}},"code":["/*","example.js","","quickstart example","","instruction","    1. save this script as example.js","    2. run the shell command:","        $ npm install npmtest-url-pattern && PORT=8081 node example.js","    3. play with the browser-demo on http://127.0.0.1:8081","*/","","","","/* istanbul instrument in package npmtest_url_pattern */","/*jslint","    bitwise: true,","    browser: true,","    maxerr: 8,","    maxlen: 96,","    node: true,","    nomen: true,","    regexp: true,","    stupid: true","*/","(function () {","    'use strict';","    var local;","","","","    // run shared js-env code - pre-init","    (function () {","        // init local","        local = {};","        // init modeJs","        local.modeJs = (function () {","            try {","                return typeof navigator.userAgent === 'string' &&","                    typeof document.querySelector('body') === 'object' &&","                    typeof XMLHttpRequest.prototype.open === 'function' &&","                    'browser';","            } catch (errorCaughtBrowser) {","                return module.exports &&","                    typeof process.versions.node === 'string' &&","                    typeof require('http').createServer === 'function' &&","                    'node';","            }","        }());","        // init global","        local.global = local.modeJs === 'browser'","            ? window","            : global;","        // init utility2_rollup","        local = local.global.utility2_rollup || (local.modeJs === 'browser'","            ? local.global.utility2_npmtest_url_pattern","            : global.utility2_moduleExports);","        // export local","        local.global.local = local;","    }());","    switch (local.modeJs) {","","","","    // post-init","    // run browser js-env code - post-init","    /* istanbul ignore next */","    case 'browser':","        local.testRunBrowser = function (event) {","            if (!event || (event &&","                    event.currentTarget &&","                    event.currentTarget.className &&","                    event.currentTarget.className.includes &&","                    event.currentTarget.className.includes('onreset'))) {","                // reset output","                Array.from(","                    document.querySelectorAll('body > .resettable')","                ).forEach(function (element) {","                    switch (element.tagName) {","                    case 'INPUT':","                    case 'TEXTAREA':","                        element.value = '';","                        break;","                    default:","                        element.textContent = '';","                    }","                });","            }","            switch (event && event.currentTarget && event.currentTarget.id) {","            case 'testRunButton1':","                // show tests","                if (document.querySelector('#testReportDiv1').style.display === 'none') {","                    document.querySelector('#testReportDiv1').style.display = 'block';","                    document.querySelector('#testRunButton1').textContent =","                        'hide internal test';","                    local.modeTest = true;","                    local.testRunDefault(local);","                // hide tests","                } else {","                    document.querySelector('#testReportDiv1').style.display = 'none';","                    document.querySelector('#testRunButton1').textContent = 'run internal test';","                }","                break;","            // custom-case","            default:","                break;","            }","            if (document.querySelector('#inputTextareaEval1') && (!event || (event &&","                    event.currentTarget &&","                    event.currentTarget.className &&","                    event.currentTarget.className.includes &&","                    event.currentTarget.className.includes('oneval')))) {","                // try to eval input-code","                try {","                    /*jslint evil: true*/","                    eval(document.querySelector('#inputTextareaEval1').value);","                } catch (errorCaught) {","                    console.error(errorCaught);","                }","            }","        };","        // log stderr and stdout to #outputTextareaStdout1","        ['error', 'log'].forEach(function (key) {","            console[key + '_original'] = console[key];","            console[key] = function () {","                var element;","                console[key + '_original'].apply(console, arguments);","                element = document.querySelector('#outputTextareaStdout1');","                if (!element) {","                    return;","                }","                // append text to #outputTextareaStdout1","                element.value += Array.from(arguments).map(function (arg) {","                    return typeof arg === 'string'","                        ? arg","                        : JSON.stringify(arg, null, 4);","                }).join(' ') + '\\n';","                // scroll textarea to bottom","                element.scrollTop = element.scrollHeight;","            };","        });","        // init event-handling","        ['change', 'click', 'keyup'].forEach(function (event) {","            Array.from(document.querySelectorAll('.on' + event)).forEach(function (element) {","                element.addEventListener(event, local.testRunBrowser);","            });","        });","        // run tests","        local.testRunBrowser();","        break;","","","","    // run node js-env code - post-init","    /* istanbul ignore next */","    case 'node':","        // export local","        module.exports = local;","        // require modules","        local.fs = require('fs');","        local.http = require('http');","        local.url = require('url');","        // init assets","        local.assetsDict = local.assetsDict || {};","        /* jslint-ignore-begin */","        local.assetsDict['/assets.index.template.html'] = '\\","<!doctype html>\\n\\","<html lang=\"en\">\\n\\","<head>\\n\\","<meta charset=\"UTF-8\">\\n\\","<meta name=\"viewport\" content=\"width=device-width, initial-scale=1\">\\n\\","<title>{{env.npm_package_name}} (v{{env.npm_package_version}})</title>\\n\\","<style>\\n\\","/*csslint\\n\\","    box-sizing: false,\\n\\","    universal-selector: false\\n\\","*/\\n\\","* {\\n\\","    box-sizing: border-box;\\n\\","}\\n\\","body {\\n\\","    background: #dde;\\n\\","    font-family: Arial, Helvetica, sans-serif;\\n\\","    margin: 2rem;\\n\\","}\\n\\","body > * {\\n\\","    margin-bottom: 1rem;\\n\\","}\\n\\",".utility2FooterDiv {\\n\\","    margin-top: 20px;\\n\\","    text-align: center;\\n\\","}\\n\\","</style>\\n\\","<style>\\n\\","/*csslint\\n\\","*/\\n\\","textarea {\\n\\","    font-family: monospace;\\n\\","    height: 10rem;\\n\\","    width: 100%;\\n\\","}\\n\\","textarea[readonly] {\\n\\","    background: #ddd;\\n\\","}\\n\\","</style>\\n\\","</head>\\n\\","<body>\\n\\","<!-- utility2-comment\\n\\","<div id=\"ajaxProgressDiv1\" style=\"background: #d00; height: 2px; left: 0; margin: 0; padding: 0; position: fixed; top: 0; transition: background 0.5s, width 1.5s; width: 25%;\"></div>\\n\\","utility2-comment -->\\n\\","<h1>\\n\\","<!-- utility2-comment\\n\\","    <a\\n\\","        {{#if env.npm_package_homepage}}\\n\\","        href=\"{{env.npm_package_homepage}}\"\\n\\","        {{/if env.npm_package_homepage}}\\n\\","        target=\"_blank\"\\n\\","    >\\n\\","utility2-comment -->\\n\\","        {{env.npm_package_name}} (v{{env.npm_package_version}})\\n\\","<!-- utility2-comment\\n\\","    </a>\\n\\","utility2-comment -->\\n\\","</h1>\\n\\","<h3>{{env.npm_package_description}}</h3>\\n\\","<!-- utility2-comment\\n\\","<h4><a download href=\"assets.app.js\">download standalone app</a></h4>\\n\\","<button class=\"onclick onreset\" id=\"testRunButton1\">run internal test</button><br>\\n\\","<div id=\"testReportDiv1\" style=\"display: none;\"></div>\\n\\","utility2-comment -->\\n\\","\\n\\","\\n\\","\\n\\","<label>stderr and stdout</label>\\n\\","<textarea class=\"resettable\" id=\"outputTextareaStdout1\" readonly></textarea>\\n\\","<!-- utility2-comment\\n\\","{{#if isRollup}}\\n\\","<script src=\"assets.app.js\"></script>\\n\\","{{#unless isRollup}}\\n\\","utility2-comment -->\\n\\","<script src=\"assets.utility2.rollup.js\"></script>\\n\\","<script src=\"jsonp.utility2._stateInit?callback=window.utility2._stateInit\"></script>\\n\\","<script src=\"assets.npmtest_url_pattern.rollup.js\"></script>\\n\\","<script src=\"assets.example.js\"></script>\\n\\","<script src=\"assets.test.js\"></script>\\n\\","<!-- utility2-comment\\n\\","{{/if isRollup}}\\n\\","utility2-comment -->\\n\\","<div class=\"utility2FooterDiv\">\\n\\","    [ this app was created with\\n\\","    <a href=\"https://github.com/kaizhu256/node-utility2\" target=\"_blank\">utility2</a>\\n\\","    ]\\n\\","</div>\\n\\","</body>\\n\\","</html>\\n\\","';","        /* jslint-ignore-end */","        if (local.templateRender) {","            local.assetsDict['/'] = local.templateRender(","                local.assetsDict['/assets.index.template.html'],","                {","                    env: local.objectSetDefault(local.env, {","                        npm_package_description: 'the greatest app in the world!',","                        npm_package_name: 'my-app',","                        npm_package_nameAlias: 'my_app',","                        npm_package_version: '0.0.1'","                    })","                }","            );","        } else {","            local.assetsDict['/'] = local.assetsDict['/assets.index.template.html']","                .replace((/\\{\\{env\\.(\\w+?)\\}\\}/g), function (match0, match1) {","                    // jslint-hack","                    String(match0);","                    switch (match1) {","                    case 'npm_package_description':","                        return 'the greatest app in the world!';","                    case 'npm_package_name':","                        return 'my-app';","                    case 'npm_package_nameAlias':","                        return 'my_app';","                    case 'npm_package_version':","                        return '0.0.1';","                    }","                });","        }","        // run the cli","        if (local.global.utility2_rollup || module !== require.main) {","            break;","        }","        local.assetsDict['/assets.example.js'] =","            local.assetsDict['/assets.example.js'] ||","            local.fs.readFileSync(__filename, 'utf8');","        // bug-workaround - long $npm_package_buildCustomOrg","        /* jslint-ignore-begin */","        local.assetsDict['/assets.npmtest_url_pattern.rollup.js'] =","            local.assetsDict['/assets.npmtest_url_pattern.rollup.js'] ||","            local.fs.readFileSync(","                local.npmtest_url_pattern.__dirname + '/lib.npmtest_url_pattern.js',","                'utf8'","            ).replace((/^#!/), '//');","        /* jslint-ignore-end */","        local.assetsDict['/favicon.ico'] = local.assetsDict['/favicon.ico'] || '';","        // if $npm_config_timeout_exit exists,","        // then exit this process after $npm_config_timeout_exit ms","        if (Number(process.env.npm_config_timeout_exit)) {","            setTimeout(process.exit, Number(process.env.npm_config_timeout_exit));","        }","        // start server","        if (local.global.utility2_serverHttp1) {","            break;","        }","        process.env.PORT = process.env.PORT || '8081';","        console.error('server starting on port ' + process.env.PORT);","        local.http.createServer(function (request, response) {","            request.urlParsed = local.url.parse(request.url);","            if (local.assetsDict[request.urlParsed.pathname] !== undefined) {","                response.end(local.assetsDict[request.urlParsed.pathname]);","                return;","            }","            response.statusCode = 404;","            response.end();","        }).listen(process.env.PORT);","        break;","    }","}());",""],"l":{"26":2,"28":2,"33":2,"35":2,"37":2,"38":2,"39":2,"44":1,"51":2,"55":2,"59":2,"61":2,"69":1,"70":2,"76":2,"79":2,"82":2,"83":2,"85":1,"89":2,"92":1,"93":1,"94":1,"96":1,"97":1,"100":1,"101":1,"103":1,"106":1,"108":2,"114":1,"116":1,"118":1,"123":1,"124":2,"125":2,"126":3,"127":3,"128":3,"129":3,"130":1,"133":3,"134":3,"139":3,"143":1,"144":3,"145":1,"149":1,"150":1,"158":1,"160":1,"161":1,"162":1,"164":1,"166":1,"258":1,"259":1,"271":1,"274":6,"275":6,"277":1,"279":2,"281":1,"283":2,"288":1,"289":1,"291":1,"296":1,"303":1,"306":1,"307":1,"310":1,"311":1,"313":1,"314":1,"315":1,"316":1,"317":1,"318":1,"319":1,"321":1,"322":1,"324":1}},"/home/travis/build/npmtest/node-npmtest-url-pattern/node_modules/url-pattern/lib/url-pattern.js":{"path":"/home/travis/build/npmtest/node-npmtest-url-pattern/node_modules/url-pattern/lib/url-pattern.js","s":{"1":1,"2":1,"3":1,"4":0,"5":1,"6":1,"7":0,"8":1,"9":1,"10":0,"11":1,"12":0,"13":0,"14":0,"15":0,"16":0,"17":0,"18":0,"19":1,"20":0,"21":0,"22":0,"23":0,"24":0,"25":0,"26":0,"27":1,"28":0,"29":1,"30":0,"31":0,"32":0,"33":0,"34":0,"35":0,"36":0,"37":0,"38":0,"39":0,"40":0,"41":0,"42":0,"43":0,"44":0,"45":1,"46":1,"47":0,"48":0,"49":1,"50":0,"51":0,"52":1,"53":0,"54":0,"55":0,"56":0,"57":0,"58":0,"59":0,"60":1,"61":0,"62":0,"63":0,"64":0,"65":0,"66":0,"67":0,"68":1,"69":0,"70":0,"71":0,"72":0,"73":0,"74":0,"75":0,"76":0,"77":0,"78":0,"79":0,"80":0,"81":0,"82":0,"83":0,"84":0,"85":1,"86":0,"87":0,"88":0,"89":0,"90":0,"91":0,"92":0,"93":0,"94":0,"95":0,"96":1,"97":0,"98":0,"99":0,"100":0,"101":0,"102":1,"103":0,"104":0,"105":0,"106":0,"107":0,"108":0,"109":1,"110":0,"111":0,"112":0,"113":0,"114":0,"115":0,"116":0,"117":0,"118":0,"119":0,"120":0,"121":0,"122":0,"123":0,"124":0,"125":0,"126":0,"127":0,"128":1,"129":0,"130":0,"131":1,"132":0,"133":0,"134":1,"135":0,"136":0,"137":0,"138":0,"139":0,"140":0,"141":0,"142":0,"143":0,"144":0,"145":0,"146":1,"147":0,"148":0,"149":0,"150":0,"151":0,"152":0,"153":0,"154":0,"155":0,"156":0,"157":0,"158":0,"159":0,"160":0,"161":0,"162":0,"163":1,"164":1,"165":0,"166":0,"167":0,"168":0,"169":0,"170":0,"171":0,"172":0,"173":1,"174":0,"175":0,"176":0,"177":1,"178":0,"179":0,"180":0,"181":0,"182":0,"183":0,"184":0,"185":1,"186":0,"187":0,"188":0,"189":0,"190":0,"191":0,"192":0,"193":0,"194":0,"195":0,"196":0,"197":0,"198":0,"199":0,"200":0,"201":0,"202":0,"203":0,"204":1,"205":0,"206":0,"207":0,"208":0,"209":0,"210":0,"211":0,"212":0,"213":0,"214":0,"215":0,"216":0,"217":0,"218":1,"219":0,"220":0,"221":0,"222":0,"223":0,"224":0,"225":0,"226":0,"227":0,"228":0,"229":1,"230":0,"231":0,"232":0,"233":0,"234":0,"235":0,"236":0,"237":0,"238":0,"239":0,"240":0,"241":0,"242":0,"243":0,"244":0,"245":0,"246":0,"247":0,"248":0,"249":0,"250":0,"251":0,"252":0,"253":0,"254":0,"255":0,"256":0,"257":0,"258":0,"259":0,"260":0,"261":0,"262":0,"263":0,"264":0,"265":1,"266":0,"267":0,"268":0,"269":0,"270":0,"271":0,"272":0,"273":0,"274":1,"275":0,"276":0,"277":0,"278":0,"279":0,"280":0,"281":0,"282":1,"283":1,"284":1,"285":1,"286":1,"287":1,"288":1,"289":1,"290":1,"291":1,"292":1,"293":1,"294":1,"295":1},"b":{"1":[0,1],"2":[1,0],"3":[1,0],"4":[1,1],"5":[0,0],"6":[0,0],"7":[0,0],"8":[0,0],"9":[0,0],"10":[0,0],"11":[0,0],"12":[0,0],"13":[0,0],"14":[0,0],"15":[0,0],"16":[0,0],"17":[0,0],"18":[0,0],"19":[0,0],"20":[0,0],"21":[0,0],"22":[0,0],"23":[0,0],"24":[0,0],"25":[0,0],"26":[0,0,0,0],"27":[0,0],"28":[0,0],"29":[0,0,0,0],"30":[0,0],"31":[0,0],"32":[0,0],"33":[0,0],"34":[0,0],"35":[0,0],"36":[0,0],"37":[0,0],"38":[0,0],"39":[0,0],"40":[0,0],"41":[0,0,0,0],"42":[0,0],"43":[0,0,0,0],"44":[0,0],"45":[0,0],"46":[0,0],"47":[0,0],"48":[0,0],"49":[0,0],"50":[0,0],"51":[0,0],"52":[0,0],"53":[0,0],"54":[0,0],"55":[0,0],"56":[0,0],"57":[0,0],"58":[0,0],"59":[0,0],"60":[0,0],"61":[0,0],"62":[0,0],"63":[0,0],"64":[0,0],"65":[0,0],"66":[0,0],"67":[0,0],"68":[0,0],"69":[0,0],"70":[0,0],"71":[0,0],"72":[0,0],"73":[0,0],"74":[0,0]},"f":{"1":1,"2":1,"3":0,"4":0,"5":0,"6":0,"7":0,"8":0,"9":0,"10":0,"11":0,"12":0,"13":0,"14":0,"15":0,"16":0,"17":0,"18":0,"19":0,"20":0,"21":0,"22":0,"23":0,"24":0,"25":0,"26":0,"27":0,"28":0,"29":0,"30":0,"31":0,"32":0,"33":0,"34":0,"35":0,"36":0,"37":0,"38":0,"39":0,"40":0,"41":0,"42":0,"43":0,"44":0,"45":0},"fnMap":{"1":{"name":"(anonymous_1)","line":4,"loc":{"start":{"line":4,"column":1},"end":{"line":4,"column":25}}},"2":{"name":"(anonymous_2)","line":12,"loc":{"start":{"line":12,"column":9},"end":{"line":12,"column":20}}},"3":{"name":"(anonymous_3)","line":14,"loc":{"start":{"line":14,"column":19},"end":{"line":14,"column":36}}},"4":{"name":"(anonymous_4)","line":17,"loc":{"start":{"line":17,"column":14},"end":{"line":17,"column":33}}},"5":{"name":"(anonymous_5)","line":27,"loc":{"start":{"line":27,"column":20},"end":{"line":27,"column":39}}},"6":{"name":"(anonymous_6)","line":37,"loc":{"start":{"line":37,"column":20},"end":{"line":37,"column":36}}},"7":{"name":"(anonymous_7)","line":40,"loc":{"start":{"line":40,"column":26},"end":{"line":40,"column":49}}},"8":{"name":"(anonymous_8)","line":63,"loc":{"start":{"line":63,"column":13},"end":{"line":63,"column":35}}},"9":{"name":"(anonymous_9)","line":67,"loc":{"start":{"line":67,"column":13},"end":{"line":67,"column":34}}},"10":{"name":"(anonymous_10)","line":71,"loc":{"start":{"line":71,"column":10},"end":{"line":71,"column":32}}},"11":{"name":"(anonymous_11)","line":72,"loc":{"start":{"line":72,"column":11},"end":{"line":72,"column":27}}},"12":{"name":"(anonymous_12)","line":82,"loc":{"start":{"line":82,"column":12},"end":{"line":82,"column":28}}},"13":{"name":"(anonymous_13)","line":83,"loc":{"start":{"line":83,"column":11},"end":{"line":83,"column":27}}},"14":{"name":"(anonymous_14)","line":93,"loc":{"start":{"line":93,"column":15},"end":{"line":93,"column":26}}},"15":{"name":"(anonymous_15)","line":96,"loc":{"start":{"line":96,"column":11},"end":{"line":96,"column":27}}},"16":{"name":"(anonymous_16)","line":114,"loc":{"start":{"line":114,"column":11},"end":{"line":114,"column":22}}},"17":{"name":"(anonymous_17)","line":117,"loc":{"start":{"line":117,"column":11},"end":{"line":117,"column":27}}},"18":{"name":"(anonymous_18)","line":128,"loc":{"start":{"line":128,"column":13},"end":{"line":128,"column":30}}},"19":{"name":"(anonymous_19)","line":131,"loc":{"start":{"line":131,"column":11},"end":{"line":131,"column":27}}},"20":{"name":"(anonymous_20)","line":137,"loc":{"start":{"line":137,"column":11},"end":{"line":137,"column":24}}},"21":{"name":"(anonymous_21)","line":140,"loc":{"start":{"line":140,"column":11},"end":{"line":140,"column":27}}},"22":{"name":"(anonymous_22)","line":147,"loc":{"start":{"line":147,"column":15},"end":{"line":147,"column":84}}},"23":{"name":"(anonymous_23)","line":174,"loc":{"start":{"line":174,"column":12},"end":{"line":174,"column":29}}},"24":{"name":"(anonymous_24)","line":175,"loc":{"start":{"line":175,"column":11},"end":{"line":175,"column":27}}},"25":{"name":"(anonymous_25)","line":179,"loc":{"start":{"line":179,"column":22},"end":{"line":179,"column":44}}},"26":{"name":"(anonymous_26)","line":180,"loc":{"start":{"line":180,"column":11},"end":{"line":180,"column":27}}},"27":{"name":"(anonymous_27)","line":184,"loc":{"start":{"line":184,"column":18},"end":{"line":184,"column":29}}},"28":{"name":"(anonymous_28)","line":187,"loc":{"start":{"line":187,"column":11},"end":{"line":187,"column":27}}},"29":{"name":"(anonymous_29)","line":200,"loc":{"start":{"line":200,"column":14},"end":{"line":200,"column":32}}},"30":{"name":"(anonymous_30)","line":204,"loc":{"start":{"line":204,"column":96},"end":{"line":204,"column":107}}},"31":{"name":"(anonymous_31)","line":208,"loc":{"start":{"line":208,"column":86},"end":{"line":208,"column":97}}},"32":{"name":"(anonymous_32)","line":212,"loc":{"start":{"line":212,"column":73},"end":{"line":212,"column":84}}},"33":{"name":"(anonymous_33)","line":215,"loc":{"start":{"line":215,"column":21},"end":{"line":215,"column":32}}},"34":{"name":"(anonymous_34)","line":218,"loc":{"start":{"line":218,"column":31},"end":{"line":218,"column":42}}},"35":{"name":"(anonymous_35)","line":232,"loc":{"start":{"line":232,"column":29},"end":{"line":232,"column":68}}},"36":{"name":"(anonymous_36)","line":234,"loc":{"start":{"line":234,"column":38},"end":{"line":234,"column":53}}},"37":{"name":"(anonymous_37)","line":249,"loc":{"start":{"line":249,"column":25},"end":{"line":249,"column":64}}},"38":{"name":"(anonymous_38)","line":255,"loc":{"start":{"line":255,"column":19},"end":{"line":255,"column":37}}},"39":{"name":"(anonymous_39)","line":270,"loc":{"start":{"line":270,"column":13},"end":{"line":270,"column":61}}},"40":{"name":"(anonymous_40)","line":298,"loc":{"start":{"line":298,"column":45},"end":{"line":298,"column":84}}},"41":{"name":"(anonymous_41)","line":321,"loc":{"start":{"line":321,"column":14},"end":{"line":321,"column":53}}},"42":{"name":"(anonymous_42)","line":323,"loc":{"start":{"line":323,"column":38},"end":{"line":323,"column":53}}},"43":{"name":"(anonymous_43)","line":342,"loc":{"start":{"line":342,"column":15},"end":{"line":342,"column":36}}},"44":{"name":"(anonymous_44)","line":397,"loc":{"start":{"line":397,"column":31},"end":{"line":397,"column":45}}},"45":{"name":"(anonymous_45)","line":410,"loc":{"start":{"line":410,"column":35},"end":{"line":410,"column":52}}}},"statementMap":{"1":{"start":{"line":2,"column":0},"end":{"line":2,"column":21}},"2":{"start":{"line":4,"column":0},"end":{"line":436,"column":3}},"3":{"start":{"line":5,"column":2},"end":{"line":11,"column":3}},"4":{"start":{"line":6,"column":4},"end":{"line":6,"column":31}},"5":{"start":{"line":7,"column":9},"end":{"line":11,"column":3}},"6":{"start":{"line":8,"column":4},"end":{"line":8,"column":38}},"7":{"start":{"line":10,"column":4},"end":{"line":10,"column":39}},"8":{"start":{"line":13,"column":2},"end":{"line":13,"column":258}},"9":{"start":{"line":14,"column":2},"end":{"line":16,"column":4}},"10":{"start":{"line":15,"column":4},"end":{"line":15,"column":60}},"11":{"start":{"line":17,"column":2},"end":{"line":26,"column":4}},"12":{"start":{"line":18,"column":4},"end":{"line":18,"column":27}},"13":{"start":{"line":19,"column":4},"end":{"line":19,"column":17}},"14":{"start":{"line":20,"column":4},"end":{"line":20,"column":11}},"15":{"start":{"line":21,"column":4},"end":{"line":21,"column":26}},"16":{"start":{"line":22,"column":4},"end":{"line":24,"column":5}},"17":{"start":{"line":23,"column":6},"end":{"line":23,"column":44}},"18":{"start":{"line":25,"column":4},"end":{"line":25,"column":19}},"19":{"start":{"line":27,"column":2},"end":{"line":36,"column":4}},"20":{"start":{"line":28,"column":4},"end":{"line":28,"column":26}},"21":{"start":{"line":29,"column":4},"end":{"line":29,"column":16}},"22":{"start":{"line":30,"column":4},"end":{"line":30,"column":11}},"23":{"start":{"line":31,"column":4},"end":{"line":31,"column":26}},"24":{"start":{"line":32,"column":4},"end":{"line":34,"column":5}},"25":{"start":{"line":33,"column":6},"end":{"line":33,"column":28}},"26":{"start":{"line":35,"column":4},"end":{"line":35,"column":18}},"27":{"start":{"line":37,"column":2},"end":{"line":39,"column":4}},"28":{"start":{"line":38,"column":4},"end":{"line":38,"column":68}},"29":{"start":{"line":40,"column":2},"end":{"line":61,"column":4}},"30":{"start":{"line":41,"column":4},"end":{"line":41,"column":38}},"31":{"start":{"line":42,"column":4},"end":{"line":42,"column":16}},"32":{"start":{"line":43,"column":4},"end":{"line":43,"column":11}},"33":{"start":{"line":44,"column":4},"end":{"line":44,"column":25}},"34":{"start":{"line":45,"column":4},"end":{"line":59,"column":5}},"35":{"start":{"line":46,"column":6},"end":{"line":46,"column":20}},"36":{"start":{"line":47,"column":6},"end":{"line":47,"column":24}},"37":{"start":{"line":48,"column":6},"end":{"line":50,"column":7}},"38":{"start":{"line":49,"column":8},"end":{"line":49,"column":17}},"39":{"start":{"line":51,"column":6},"end":{"line":58,"column":7}},"40":{"start":{"line":52,"column":8},"end":{"line":54,"column":9}},"41":{"start":{"line":53,"column":10},"end":{"line":53,"column":38}},"42":{"start":{"line":55,"column":8},"end":{"line":55,"column":32}},"43":{"start":{"line":57,"column":8},"end":{"line":57,"column":28}},"44":{"start":{"line":60,"column":4},"end":{"line":60,"column":18}},"45":{"start":{"line":62,"column":2},"end":{"line":62,"column":9}},"46":{"start":{"line":63,"column":2},"end":{"line":66,"column":4}},"47":{"start":{"line":64,"column":4},"end":{"line":64,"column":23}},"48":{"start":{"line":65,"column":4},"end":{"line":65,"column":21}},"49":{"start":{"line":67,"column":2},"end":{"line":70,"column":4}},"50":{"start":{"line":68,"column":4},"end":{"line":68,"column":19}},"51":{"start":{"line":69,"column":4},"end":{"line":69,"column":23}},"52":{"start":{"line":71,"column":2},"end":{"line":81,"column":4}},"53":{"start":{"line":72,"column":4},"end":{"line":80,"column":6}},"54":{"start":{"line":73,"column":6},"end":{"line":73,"column":25}},"55":{"start":{"line":74,"column":6},"end":{"line":74,"column":29}},"56":{"start":{"line":75,"column":6},"end":{"line":77,"column":7}},"57":{"start":{"line":76,"column":8},"end":{"line":76,"column":15}},"58":{"start":{"line":78,"column":6},"end":{"line":78,"column":47}},"59":{"start":{"line":79,"column":6},"end":{"line":79,"column":47}},"60":{"start":{"line":82,"column":2},"end":{"line":92,"column":4}},"61":{"start":{"line":83,"column":4},"end":{"line":91,"column":6}},"62":{"start":{"line":84,"column":6},"end":{"line":84,"column":26}},"63":{"start":{"line":85,"column":6},"end":{"line":85,"column":34}},"64":{"start":{"line":86,"column":6},"end":{"line":88,"column":7}},"65":{"start":{"line":87,"column":8},"end":{"line":87,"column":15}},"66":{"start":{"line":89,"column":6},"end":{"line":89,"column":26}},"67":{"start":{"line":90,"column":6},"end":{"line":90,"column":62}},"68":{"start":{"line":93,"column":2},"end":{"line":113,"column":4}},"69":{"start":{"line":94,"column":4},"end":{"line":94,"column":16}},"70":{"start":{"line":95,"column":4},"end":{"line":95,"column":68}},"71":{"start":{"line":96,"column":4},"end":{"line":112,"column":6}},"72":{"start":{"line":97,"column":6},"end":{"line":97,"column":50}},"73":{"start":{"line":98,"column":6},"end":{"line":98,"column":13}},"74":{"start":{"line":99,"column":6},"end":{"line":99,"column":30}},"75":{"start":{"line":100,"column":6},"end":{"line":100,"column":18}},"76":{"start":{"line":101,"column":6},"end":{"line":101,"column":19}},"77":{"start":{"line":102,"column":6},"end":{"line":110,"column":7}},"78":{"start":{"line":103,"column":8},"end":{"line":103,"column":28}},"79":{"start":{"line":104,"column":8},"end":{"line":104,"column":30}},"80":{"start":{"line":105,"column":8},"end":{"line":107,"column":9}},"81":{"start":{"line":106,"column":10},"end":{"line":106,"column":17}},"82":{"start":{"line":108,"column":8},"end":{"line":108,"column":34}},"83":{"start":{"line":109,"column":8},"end":{"line":109,"column":27}},"84":{"start":{"line":111,"column":6},"end":{"line":111,"column":40}},"85":{"start":{"line":114,"column":2},"end":{"line":127,"column":4}},"86":{"start":{"line":115,"column":4},"end":{"line":115,"column":25}},"87":{"start":{"line":116,"column":4},"end":{"line":116,"column":92}},"88":{"start":{"line":117,"column":4},"end":{"line":126,"column":6}},"89":{"start":{"line":118,"column":6},"end":{"line":118,"column":24}},"90":{"start":{"line":119,"column":6},"end":{"line":119,"column":51}},"91":{"start":{"line":120,"column":6},"end":{"line":122,"column":7}},"92":{"start":{"line":121,"column":8},"end":{"line":121,"column":15}},"93":{"start":{"line":123,"column":6},"end":{"line":123,"column":27}},"94":{"start":{"line":124,"column":6},"end":{"line":124,"column":36}},"95":{"start":{"line":125,"column":6},"end":{"line":125,"column":20}},"96":{"start":{"line":128,"column":2},"end":{"line":136,"column":4}},"97":{"start":{"line":129,"column":4},"end":{"line":129,"column":15}},"98":{"start":{"line":130,"column":4},"end":{"line":130,"column":27}},"99":{"start":{"line":131,"column":4},"end":{"line":135,"column":6}},"100":{"start":{"line":132,"column":6},"end":{"line":134,"column":7}},"101":{"start":{"line":133,"column":8},"end":{"line":133,"column":57}},"102":{"start":{"line":137,"column":2},"end":{"line":146,"column":4}},"103":{"start":{"line":138,"column":4},"end":{"line":138,"column":15}},"104":{"start":{"line":139,"column":4},"end":{"line":139,"column":18}},"105":{"start":{"line":140,"column":4},"end":{"line":145,"column":6}},"106":{"start":{"line":141,"column":6},"end":{"line":143,"column":7}},"107":{"start":{"line":142,"column":8},"end":{"line":142,"column":22}},"108":{"start":{"line":144,"column":6},"end":{"line":144,"column":27}},"109":{"start":{"line":147,"column":2},"end":{"line":173,"column":4}},"110":{"start":{"line":148,"column":4},"end":{"line":148,"column":47}},"111":{"start":{"line":149,"column":4},"end":{"line":149,"column":17}},"112":{"start":{"line":150,"column":4},"end":{"line":150,"column":37}},"113":{"start":{"line":151,"column":4},"end":{"line":168,"column":5}},"114":{"start":{"line":152,"column":6},"end":{"line":157,"column":7}},"115":{"start":{"line":153,"column":8},"end":{"line":153,"column":30}},"116":{"start":{"line":154,"column":8},"end":{"line":156,"column":9}},"117":{"start":{"line":155,"column":10},"end":{"line":155,"column":16}},"118":{"start":{"line":158,"column":6},"end":{"line":158,"column":34}},"119":{"start":{"line":159,"column":6},"end":{"line":161,"column":7}},"120":{"start":{"line":160,"column":8},"end":{"line":160,"column":14}},"121":{"start":{"line":162,"column":6},"end":{"line":166,"column":7}},"122":{"start":{"line":163,"column":8},"end":{"line":163,"column":38}},"123":{"start":{"line":165,"column":8},"end":{"line":165,"column":41}},"124":{"start":{"line":167,"column":6},"end":{"line":167,"column":31}},"125":{"start":{"line":169,"column":4},"end":{"line":171,"column":5}},"126":{"start":{"line":170,"column":6},"end":{"line":170,"column":13}},"127":{"start":{"line":172,"column":4},"end":{"line":172,"column":39}},"128":{"start":{"line":174,"column":2},"end":{"line":178,"column":4}},"129":{"start":{"line":175,"column":4},"end":{"line":177,"column":6}},"130":{"start":{"line":176,"column":6},"end":{"line":176,"column":58}},"131":{"start":{"line":179,"column":2},"end":{"line":183,"column":4}},"132":{"start":{"line":180,"column":4},"end":{"line":182,"column":6}},"133":{"start":{"line":181,"column":6},"end":{"line":181,"column":56}},"134":{"start":{"line":184,"column":2},"end":{"line":199,"column":4}},"135":{"start":{"line":185,"column":4},"end":{"line":185,"column":16}},"136":{"start":{"line":186,"column":4},"end":{"line":186,"column":68}},"137":{"start":{"line":187,"column":4},"end":{"line":198,"column":6}},"138":{"start":{"line":188,"column":6},"end":{"line":188,"column":36}},"139":{"start":{"line":189,"column":6},"end":{"line":189,"column":13}},"140":{"start":{"line":190,"column":6},"end":{"line":190,"column":30}},"141":{"start":{"line":191,"column":6},"end":{"line":197,"column":7}},"142":{"start":{"line":192,"column":8},"end":{"line":192,"column":28}},"143":{"start":{"line":193,"column":8},"end":{"line":193,"column":31}},"144":{"start":{"line":194,"column":8},"end":{"line":196,"column":9}},"145":{"start":{"line":195,"column":10},"end":{"line":195,"column":24}},"146":{"start":{"line":200,"column":2},"end":{"line":222,"column":4}},"147":{"start":{"line":201,"column":4},"end":{"line":201,"column":10}},"148":{"start":{"line":202,"column":4},"end":{"line":202,"column":11}},"149":{"start":{"line":203,"column":4},"end":{"line":203,"column":67}},"150":{"start":{"line":204,"column":4},"end":{"line":206,"column":51}},"151":{"start":{"line":205,"column":6},"end":{"line":205,"column":23}},"152":{"start":{"line":207,"column":4},"end":{"line":207,"column":75}},"153":{"start":{"line":208,"column":4},"end":{"line":210,"column":9}},"154":{"start":{"line":209,"column":6},"end":{"line":209,"column":20}},"155":{"start":{"line":211,"column":4},"end":{"line":211,"column":75}},"156":{"start":{"line":212,"column":4},"end":{"line":214,"column":178}},"157":{"start":{"line":213,"column":6},"end":{"line":213,"column":27}},"158":{"start":{"line":215,"column":4},"end":{"line":217,"column":7}},"159":{"start":{"line":216,"column":6},"end":{"line":216,"column":73}},"160":{"start":{"line":218,"column":4},"end":{"line":220,"column":8}},"161":{"start":{"line":219,"column":6},"end":{"line":219,"column":21}},"162":{"start":{"line":221,"column":4},"end":{"line":221,"column":13}},"163":{"start":{"line":223,"column":2},"end":{"line":231,"column":4}},"164":{"start":{"line":232,"column":2},"end":{"line":248,"column":4}},"165":{"start":{"line":233,"column":4},"end":{"line":237,"column":5}},"166":{"start":{"line":234,"column":6},"end":{"line":236,"column":9}},"167":{"start":{"line":235,"column":8},"end":{"line":235,"column":67}},"168":{"start":{"line":238,"column":4},"end":{"line":247,"column":5}},"169":{"start":{"line":240,"column":8},"end":{"line":240,"column":23}},"170":{"start":{"line":242,"column":8},"end":{"line":242,"column":50}},"171":{"start":{"line":244,"column":8},"end":{"line":244,"column":45}},"172":{"start":{"line":246,"column":8},"end":{"line":246,"column":91}},"173":{"start":{"line":249,"column":2},"end":{"line":254,"column":4}},"174":{"start":{"line":250,"column":4},"end":{"line":252,"column":5}},"175":{"start":{"line":251,"column":6},"end":{"line":251,"column":63}},"176":{"start":{"line":253,"column":4},"end":{"line":253,"column":78}},"177":{"start":{"line":255,"column":2},"end":{"line":269,"column":4}},"178":{"start":{"line":256,"column":4},"end":{"line":258,"column":5}},"179":{"start":{"line":257,"column":6},"end":{"line":257,"column":48}},"180":{"start":{"line":259,"column":4},"end":{"line":268,"column":5}},"181":{"start":{"line":261,"column":8},"end":{"line":261,"column":21}},"182":{"start":{"line":263,"column":8},"end":{"line":263,"column":31}},"183":{"start":{"line":265,"column":8},"end":{"line":265,"column":18}},"184":{"start":{"line":267,"column":8},"end":{"line":267,"column":45}},"185":{"start":{"line":270,"column":2},"end":{"line":297,"column":4}},"186":{"start":{"line":271,"column":4},"end":{"line":271,"column":39}},"187":{"start":{"line":272,"column":4},"end":{"line":274,"column":5}},"188":{"start":{"line":273,"column":6},"end":{"line":273,"column":26}},"189":{"start":{"line":275,"column":4},"end":{"line":275,"column":24}},"190":{"start":{"line":276,"column":4},"end":{"line":282,"column":5}},"191":{"start":{"line":277,"column":6},"end":{"line":281,"column":7}},"192":{"start":{"line":278,"column":8},"end":{"line":278,"column":68}},"193":{"start":{"line":280,"column":8},"end":{"line":280,"column":15}},"194":{"start":{"line":283,"column":4},"end":{"line":283,"column":34}},"195":{"start":{"line":284,"column":4},"end":{"line":284,"column":59}},"196":{"start":{"line":285,"column":4},"end":{"line":291,"column":5}},"197":{"start":{"line":286,"column":6},"end":{"line":290,"column":7}},"198":{"start":{"line":287,"column":8},"end":{"line":287,"column":73}},"199":{"start":{"line":289,"column":8},"end":{"line":289,"column":15}},"200":{"start":{"line":292,"column":4},"end":{"line":292,"column":57}},"201":{"start":{"line":293,"column":4},"end":{"line":295,"column":5}},"202":{"start":{"line":294,"column":6},"end":{"line":294,"column":35}},"203":{"start":{"line":296,"column":4},"end":{"line":296,"column":18}},"204":{"start":{"line":298,"column":2},"end":{"line":320,"column":4}},"205":{"start":{"line":299,"column":4},"end":{"line":299,"column":18}},"206":{"start":{"line":300,"column":4},"end":{"line":309,"column":5}},"207":{"start":{"line":301,"column":6},"end":{"line":301,"column":13}},"208":{"start":{"line":302,"column":6},"end":{"line":302,"column":30}},"209":{"start":{"line":303,"column":6},"end":{"line":307,"column":7}},"210":{"start":{"line":304,"column":8},"end":{"line":306,"column":9}},"211":{"start":{"line":305,"column":10},"end":{"line":305,"column":22}},"212":{"start":{"line":308,"column":6},"end":{"line":308,"column":19}},"213":{"start":{"line":310,"column":4},"end":{"line":319,"column":5}},"214":{"start":{"line":312,"column":8},"end":{"line":312,"column":65}},"215":{"start":{"line":314,"column":8},"end":{"line":314,"column":75}},"216":{"start":{"line":316,"column":8},"end":{"line":316,"column":21}},"217":{"start":{"line":318,"column":8},"end":{"line":318,"column":92}},"218":{"start":{"line":321,"column":2},"end":{"line":341,"column":4}},"219":{"start":{"line":322,"column":4},"end":{"line":326,"column":5}},"220":{"start":{"line":323,"column":6},"end":{"line":325,"column":9}},"221":{"start":{"line":324,"column":8},"end":{"line":324,"column":52}},"222":{"start":{"line":327,"column":4},"end":{"line":340,"column":5}},"223":{"start":{"line":329,"column":8},"end":{"line":329,"column":56}},"224":{"start":{"line":331,"column":8},"end":{"line":331,"column":66}},"225":{"start":{"line":333,"column":8},"end":{"line":333,"column":29}},"226":{"start":{"line":335,"column":8},"end":{"line":339,"column":9}},"227":{"start":{"line":336,"column":10},"end":{"line":336,"column":63}},"228":{"start":{"line":338,"column":10},"end":{"line":338,"column":20}},"229":{"start":{"line":342,"column":2},"end":{"line":396,"column":4}},"230":{"start":{"line":343,"column":4},"end":{"line":343,"column":63}},"231":{"start":{"line":344,"column":4},"end":{"line":350,"column":5}},"232":{"start":{"line":345,"column":6},"end":{"line":345,"column":34}},"233":{"start":{"line":346,"column":6},"end":{"line":346,"column":30}},"234":{"start":{"line":347,"column":6},"end":{"line":347,"column":26}},"235":{"start":{"line":348,"column":6},"end":{"line":348,"column":30}},"236":{"start":{"line":349,"column":6},"end":{"line":349,"column":13}},"237":{"start":{"line":351,"column":4},"end":{"line":351,"column":42}},"238":{"start":{"line":352,"column":4},"end":{"line":354,"column":5}},"239":{"start":{"line":353,"column":6},"end":{"line":353,"column":66}},"240":{"start":{"line":355,"column":4},"end":{"line":368,"column":5}},"241":{"start":{"line":356,"column":6},"end":{"line":356,"column":24}},"242":{"start":{"line":357,"column":6},"end":{"line":366,"column":7}},"243":{"start":{"line":358,"column":8},"end":{"line":360,"column":9}},"244":{"start":{"line":359,"column":10},"end":{"line":359,"column":141}},"245":{"start":{"line":361,"column":8},"end":{"line":361,"column":49}},"246":{"start":{"line":362,"column":8},"end":{"line":364,"column":9}},"247":{"start":{"line":363,"column":10},"end":{"line":363,"column":119}},"248":{"start":{"line":365,"column":8},"end":{"line":365,"column":26}},"249":{"start":{"line":367,"column":6},"end":{"line":367,"column":13}},"250":{"start":{"line":369,"column":4},"end":{"line":371,"column":5}},"251":{"start":{"line":370,"column":6},"end":{"line":370,"column":63}},"252":{"start":{"line":372,"column":4},"end":{"line":372,"column":49}},"253":{"start":{"line":373,"column":4},"end":{"line":375,"column":5}},"254":{"start":{"line":374,"column":6},"end":{"line":374,"column":62}},"255":{"start":{"line":376,"column":4},"end":{"line":384,"column":6}},"256":{"start":{"line":385,"column":4},"end":{"line":385,"column":32}},"257":{"start":{"line":386,"column":4},"end":{"line":386,"column":34}},"258":{"start":{"line":387,"column":4},"end":{"line":389,"column":5}},"259":{"start":{"line":388,"column":6},"end":{"line":388,"column":48}},"260":{"start":{"line":390,"column":4},"end":{"line":392,"column":5}},"261":{"start":{"line":391,"column":6},"end":{"line":391,"column":60}},"262":{"start":{"line":393,"column":4},"end":{"line":393,"column":28}},"263":{"start":{"line":394,"column":4},"end":{"line":394,"column":89}},"264":{"start":{"line":395,"column":4},"end":{"line":395,"column":42}},"265":{"start":{"line":397,"column":2},"end":{"line":409,"column":4}},"266":{"start":{"line":398,"column":4},"end":{"line":398,"column":22}},"267":{"start":{"line":399,"column":4},"end":{"line":399,"column":33}},"268":{"start":{"line":400,"column":4},"end":{"line":402,"column":5}},"269":{"start":{"line":401,"column":6},"end":{"line":401,"column":18}},"270":{"start":{"line":403,"column":4},"end":{"line":403,"column":28}},"271":{"start":{"line":404,"column":4},"end":{"line":408,"column":5}},"272":{"start":{"line":405,"column":6},"end":{"line":405,"column":55}},"273":{"start":{"line":407,"column":6},"end":{"line":407,"column":20}},"274":{"start":{"line":410,"column":2},"end":{"line":421,"column":4}},"275":{"start":{"line":411,"column":4},"end":{"line":413,"column":5}},"276":{"start":{"line":412,"column":6},"end":{"line":412,"column":18}},"277":{"start":{"line":414,"column":4},"end":{"line":416,"column":5}},"278":{"start":{"line":415,"column":6},"end":{"line":415,"column":73}},"279":{"start":{"line":417,"column":4},"end":{"line":419,"column":5}},"280":{"start":{"line":418,"column":6},"end":{"line":418,"column":65}},"281":{"start":{"line":420,"column":4},"end":{"line":420,"column":43}},"282":{"start":{"line":422,"column":2},"end":{"line":422,"column":45}},"283":{"start":{"line":423,"column":2},"end":{"line":423,"column":35}},"284":{"start":{"line":424,"column":2},"end":{"line":424,"column":47}},"285":{"start":{"line":425,"column":2},"end":{"line":425,"column":47}},"286":{"start":{"line":426,"column":2},"end":{"line":426,"column":59}},"287":{"start":{"line":427,"column":2},"end":{"line":427,"column":19}},"288":{"start":{"line":428,"column":2},"end":{"line":428,"column":35}},"289":{"start":{"line":429,"column":2},"end":{"line":429,"column":45}},"290":{"start":{"line":430,"column":2},"end":{"line":430,"column":57}},"291":{"start":{"line":431,"column":2},"end":{"line":431,"column":45}},"292":{"start":{"line":432,"column":2},"end":{"line":432,"column":33}},"293":{"start":{"line":433,"column":2},"end":{"line":433,"column":97}},"294":{"start":{"line":434,"column":2},"end":{"line":434,"column":35}},"295":{"start":{"line":435,"column":2},"end":{"line":435,"column":20}}},"branchMap":{"1":{"line":5,"type":"if","locations":[{"start":{"line":5,"column":2},"end":{"line":5,"column":2}},{"start":{"line":5,"column":2},"end":{"line":5,"column":2}}]},"2":{"line":5,"type":"binary-expr","locations":[{"start":{"line":5,"column":7},"end":{"line":5,"column":35}},{"start":{"line":5,"column":41},"end":{"line":5,"column":59}}]},"3":{"line":7,"type":"if","locations":[{"start":{"line":7,"column":9},"end":{"line":7,"column":9}},{"start":{"line":7,"column":9},"end":{"line":7,"column":9}}]},"4":{"line":7,"type":"binary-expr","locations":[{"start":{"line":7,"column":13},"end":{"line":7,"column":43}},{"start":
[...]
mn":74}},{"start":{"line":379,"column":79},"end":{"line":379,"column":112}}]},"59":{"line":379,"type":"cond-expr","locations":[{"start":{"line":379,"column":42},"end":{"line":379,"column":65}},{"start":{"line":379,"column":68},"end":{"line":379,"column":74}}]},"60":{"line":380,"type":"binary-expr","locations":[{"start":{"line":380,"column":28},"end":{"line":380,"column":76}},{"start":{"line":380,"column":81},"end":{"line":380,"column":115}}]},"61":{"line":380,"type":"cond-expr","locations":[{"start":{"line":380,"column":43},"end":{"line":380,"column":67}},{"start":{"line":380,"column":70},"end":{"line":380,"column":76}}]},"62":{"line":381,"type":"binary-expr","locations":[{"start":{"line":381,"column":33},"end":{"line":381,"column":86}},{"start":{"line":381,"column":91},"end":{"line":381,"column":130}}]},"63":{"line":381,"type":"cond-expr","locations":[{"start":{"line":381,"column":48},"end":{"line":381,"column":77}},{"start":{"line":381,"column":80},"end":{"line":381,"column":86}}]},"64":{"line":382,"type":"binary-expr","locations":[{"start":{"line":382,"column":31},"end":{"line":382,"column":82}},{"start":{"line":382,"column":87},"end":{"line":382,"column":124}}]},"65":{"line":382,"type":"cond-expr","locations":[{"start":{"line":382,"column":46},"end":{"line":382,"column":73}},{"start":{"line":382,"column":76},"end":{"line":382,"column":82}}]},"66":{"line":383,"type":"binary-expr","locations":[{"start":{"line":383,"column":21},"end":{"line":383,"column":62}},{"start":{"line":383,"column":67},"end":{"line":383,"column":94}}]},"67":{"line":383,"type":"cond-expr","locations":[{"start":{"line":383,"column":36},"end":{"line":383,"column":53}},{"start":{"line":383,"column":56},"end":{"line":383,"column":62}}]},"68":{"line":387,"type":"if","locations":[{"start":{"line":387,"column":4},"end":{"line":387,"column":4}},{"start":{"line":387,"column":4},"end":{"line":387,"column":4}}]},"69":{"line":390,"type":"if","locations":[{"start":{"line":390,"column":4},"end":{"line":390,"column":4}},{"start":{"line":390,"column":4},"end":{"line":390,"column":4}}]},"70":{"line":400,"type":"if","locations":[{"start":{"line":400,"column":4},"end":{"line":400,"column":4}},{"start":{"line":400,"column":4},"end":{"line":400,"column":4}}]},"71":{"line":404,"type":"if","locations":[{"start":{"line":404,"column":4},"end":{"line":404,"column":4}},{"start":{"line":404,"column":4},"end":{"line":404,"column":4}}]},"72":{"line":411,"type":"if","locations":[{"start":{"line":411,"column":4},"end":{"line":411,"column":4}},{"start":{"line":411,"column":4},"end":{"line":411,"column":4}}]},"73":{"line":414,"type":"if","locations":[{"start":{"line":414,"column":4},"end":{"line":414,"column":4}},{"start":{"line":414,"column":4},"end":{"line":414,"column":4}}]},"74":{"line":417,"type":"if","locations":[{"start":{"line":417,"column":4},"end":{"line":417,"column":4}},{"start":{"line":417,"column":4},"end":{"line":417,"column":4}}]}},"code":["// Generated by CoffeeScript 1.10.0","var slice = [].slice;","","(function(root, factory) {","  if (('function' === typeof define) && (define.amd != null)) {","    return define([], factory);","  } else if (typeof exports !== \"undefined\" && exports !== null) {","    return module.exports = factory();","  } else {","    return root.UrlPattern = factory();","  }","})(this, function() {","  var P, UrlPattern, astNodeContainsSegmentsForProvidedParams, astNodeToNames, astNodeToRegexString, baseAstNodeToRegexString, concatMap, defaultOptions, escapeForRegex, getParam, keysAndValuesToObject, newParser, regexGroupCount, stringConcatMap, stringify;","  escapeForRegex = function(string) {","    return string.replace(/[-\\/\\\\^$*+?.()|[\\]{}]/g, '\\\\$&');","  };","  concatMap = function(array, f) {","    var i, length, results;","    results = [];","    i = -1;","    length = array.length;","    while (++i < length) {","      results = results.concat(f(array[i]));","    }","    return results;","  };","  stringConcatMap = function(array, f) {","    var i, length, result;","    result = '';","    i = -1;","    length = array.length;","    while (++i < length) {","      result += f(array[i]);","    }","    return result;","  };","  regexGroupCount = function(regex) {","    return (new RegExp(regex.toString() + '|')).exec('').length - 1;","  };","  keysAndValuesToObject = function(keys, values) {","    var i, key, length, object, value;","    object = {};","    i = -1;","    length = keys.length;","    while (++i < length) {","      key = keys[i];","      value = values[i];","      if (value == null) {","        continue;","      }","      if (object[key] != null) {","        if (!Array.isArray(object[key])) {","          object[key] = [object[key]];","        }","        object[key].push(value);","      } else {","        object[key] = value;","      }","    }","    return object;","  };","  P = {};","  P.Result = function(value, rest) {","    this.value = value;","    this.rest = rest;","  };","  P.Tagged = function(tag, value) {","    this.tag = tag;","    this.value = value;","  };","  P.tag = function(tag, parser) {","    return function(input) {","      var result, tagged;","      result = parser(input);","      if (result == null) {","        return;","      }","      tagged = new P.Tagged(tag, result.value);","      return new P.Result(tagged, result.rest);","    };","  };","  P.regex = function(regex) {","    return function(input) {","      var matches, result;","      matches = regex.exec(input);","      if (matches == null) {","        return;","      }","      result = matches[0];","      return new P.Result(result, input.slice(result.length));","    };","  };","  P.sequence = function() {","    var parsers;","    parsers = 1 <= arguments.length ? slice.call(arguments, 0) : [];","    return function(input) {","      var i, length, parser, rest, result, values;","      i = -1;","      length = parsers.length;","      values = [];","      rest = input;","      while (++i < length) {","        parser = parsers[i];","        result = parser(rest);","        if (result == null) {","          return;","        }","        values.push(result.value);","        rest = result.rest;","      }","      return new P.Result(values, rest);","    };","  };","  P.pick = function() {","    var indexes, parsers;","    indexes = arguments[0], parsers = 2 <= arguments.length ? slice.call(arguments, 1) : [];","    return function(input) {","      var array, result;","      result = P.sequence.apply(P, parsers)(input);","      if (result == null) {","        return;","      }","      array = result.value;","      result.value = array[indexes];","      return result;","    };","  };","  P.string = function(string) {","    var length;","    length = string.length;","    return function(input) {","      if (input.slice(0, length) === string) {","        return new P.Result(string, input.slice(length));","      }","    };","  };","  P.lazy = function(fn) {","    var cached;","    cached = null;","    return function(input) {","      if (cached == null) {","        cached = fn();","      }","      return cached(input);","    };","  };","  P.baseMany = function(parser, end, stringResult, atLeastOneResultRequired, input) {","    var endResult, parserResult, rest, results;","    rest = input;","    results = stringResult ? '' : [];","    while (true) {","      if (end != null) {","        endResult = end(rest);","        if (endResult != null) {","          break;","        }","      }","      parserResult = parser(rest);","      if (parserResult == null) {","        break;","      }","      if (stringResult) {","        results += parserResult.value;","      } else {","        results.push(parserResult.value);","      }","      rest = parserResult.rest;","    }","    if (atLeastOneResultRequired && results.length === 0) {","      return;","    }","    return new P.Result(results, rest);","  };","  P.many1 = function(parser) {","    return function(input) {","      return P.baseMany(parser, null, false, true, input);","    };","  };","  P.concatMany1Till = function(parser, end) {","    return function(input) {","      return P.baseMany(parser, end, true, true, input);","    };","  };","  P.firstChoice = function() {","    var parsers;","    parsers = 1 <= arguments.length ? slice.call(arguments, 0) : [];","    return function(input) {","      var i, length, parser, result;","      i = -1;","      length = parsers.length;","      while (++i < length) {","        parser = parsers[i];","        result = parser(input);","        if (result != null) {","          return result;","        }","      }","    };","  };","  newParser = function(options) {","    var U;","    U = {};","    U.wildcard = P.tag('wildcard', P.string(options.wildcardChar));","    U.optional = P.tag('optional', P.pick(1, P.string(options.optionalSegmentStartChar), P.lazy(function() {","      return U.pattern;","    }), P.string(options.optionalSegmentEndChar)));","    U.name = P.regex(new RegExp(\"^[\" + options.segmentNameCharset + \"]+\"));","    U.named = P.tag('named', P.pick(1, P.string(options.segmentNameStartChar), P.lazy(function() {","      return U.name;","    })));","    U.escapedChar = P.pick(1, P.string(options.escapeChar), P.regex(/^./));","    U[\"static\"] = P.tag('static', P.concatMany1Till(P.firstChoice(P.lazy(function() {","      return U.escapedChar;","    }), P.regex(/^./)), P.firstChoice(P.string(options.segmentNameStartChar), P.string(options.optionalSegmentStartChar), P.string(options.optionalSegmentEndChar), U.wildcard)));","    U.token = P.lazy(function() {","      return P.firstChoice(U.wildcard, U.optional, U.named, U[\"static\"]);","    });","    U.pattern = P.many1(P.lazy(function() {","      return U.token;","    }));","    return U;","  };","  defaultOptions = {","    escapeChar: '\\\\',","    segmentNameStartChar: ':',","    segmentValueCharset: 'a-zA-Z0-9-_~ %',","    segmentNameCharset: 'a-zA-Z0-9',","    optionalSegmentStartChar: '(',","    optionalSegmentEndChar: ')',","    wildcardChar: '*'","  };","  baseAstNodeToRegexString = function(astNode, segmentValueCharset) {","    if (Array.isArray(astNode)) {","      return stringConcatMap(astNode, function(node) {","        return baseAstNodeToRegexString(node, segmentValueCharset);","      });","    }","    switch (astNode.tag) {","      case 'wildcard':","        return '(.*?)';","      case 'named':","        return \"([\" + segmentValueCharset + \"]+)\";","      case 'static':","        return escapeForRegex(astNode.value);","      case 'optional':","        return '(?:' + baseAstNodeToRegexString(astNode.value, segmentValueCharset) + ')?';","    }","  };","  astNodeToRegexString = function(astNode, segmentValueCharset) {","    if (segmentValueCharset == null) {","      segmentValueCharset = defaultOptions.segmentValueCharset;","    }","    return '^' + baseAstNodeToRegexString(astNode, segmentValueCharset) + '$';","  };","  astNodeToNames = function(astNode) {","    if (Array.isArray(astNode)) {","      return concatMap(astNode, astNodeToNames);","    }","    switch (astNode.tag) {","      case 'wildcard':","        return ['_'];","      case 'named':","        return [astNode.value];","      case 'static':","        return [];","      case 'optional':","        return astNodeToNames(astNode.value);","    }","  };","  getParam = function(params, key, nextIndexes, sideEffects) {","    var index, maxIndex, result, value;","    if (sideEffects == null) {","      sideEffects = false;","    }","    value = params[key];","    if (value == null) {","      if (sideEffects) {","        throw new Error(\"no values provided for key `\" + key + \"`\");","      } else {","        return;","      }","    }","    index = nextIndexes[key] || 0;","    maxIndex = Array.isArray(value) ? value.length - 1 : 0;","    if (index > maxIndex) {","      if (sideEffects) {","        throw new Error(\"too few values provided for key `\" + key + \"`\");","      } else {","        return;","      }","    }","    result = Array.isArray(value) ? value[index] : value;","    if (sideEffects) {","      nextIndexes[key] = index + 1;","    }","    return result;","  };","  astNodeContainsSegmentsForProvidedParams = function(astNode, params, nextIndexes) {","    var i, length;","    if (Array.isArray(astNode)) {","      i = -1;","      length = astNode.length;","      while (++i < length) {","        if (astNodeContainsSegmentsForProvidedParams(astNode[i], params, nextIndexes)) {","          return true;","        }","      }","      return false;","    }","    switch (astNode.tag) {","      case 'wildcard':","        return getParam(params, '_', nextIndexes, false) != null;","      case 'named':","        return getParam(params, astNode.value, nextIndexes, false) != null;","      case 'static':","        return false;","      case 'optional':","        return astNodeContainsSegmentsForProvidedParams(astNode.value, params, nextIndexes);","    }","  };","  stringify = function(astNode, params, nextIndexes) {","    if (Array.isArray(astNode)) {","      return stringConcatMap(astNode, function(node) {","        return stringify(node, params, nextIndexes);","      });","    }","    switch (astNode.tag) {","      case 'wildcard':","        return getParam(params, '_', nextIndexes, true);","      case 'named':","        return getParam(params, astNode.value, nextIndexes, true);","      case 'static':","        return astNode.value;","      case 'optional':","        if (astNodeContainsSegmentsForProvidedParams(astNode.value, params, nextIndexes)) {","          return stringify(astNode.value, params, nextIndexes);","        } else {","          return '';","        }","    }","  };","  UrlPattern = function(arg1, arg2) {","    var groupCount, options, parsed, parser, withoutWhitespace;","    if (arg1 instanceof UrlPattern) {","      this.isRegex = arg1.isRegex;","      this.regex = arg1.regex;","      this.ast = arg1.ast;","      this.names = arg1.names;","      return;","    }","    this.isRegex = arg1 instanceof RegExp;","    if (!(('string' === typeof arg1) || this.isRegex)) {","      throw new TypeError('argument must be a regex or a string');","    }","    if (this.isRegex) {","      this.regex = arg1;","      if (arg2 != null) {","        if (!Array.isArray(arg2)) {","          throw new Error('if first argument is a regex the second argument may be an array of group names but you provided something else');","        }","        groupCount = regexGroupCount(this.regex);","        if (arg2.length !== groupCount) {","          throw new Error(\"regex contains \" + groupCount + \" groups but array of group names contains \" + arg2.length);","        }","        this.names = arg2;","      }","      return;","    }","    if (arg1 === '') {","      throw new Error('argument must not be the empty string');","    }","    withoutWhitespace = arg1.replace(/\\s+/g, '');","    if (withoutWhitespace !== arg1) {","      throw new Error('argument must not contain whitespace');","    }","    options = {","      escapeChar: (arg2 != null ? arg2.escapeChar : void 0) || defaultOptions.escapeChar,","      segmentNameStartChar: (arg2 != null ? arg2.segmentNameStartChar : void 0) || defaultOptions.segmentNameStartChar,","      segmentNameCharset: (arg2 != null ? arg2.segmentNameCharset : void 0) || defaultOptions.segmentNameCharset,","      segmentValueCharset: (arg2 != null ? arg2.segmentValueCharset : void 0) || defaultOptions.segmentValueCharset,","      optionalSegmentStartChar: (arg2 != null ? arg2.optionalSegmentStartChar : void 0) || defaultOptions.optionalSegmentStartChar,","      optionalSegmentEndChar: (arg2 != null ? arg2.optionalSegmentEndChar : void 0) || defaultOptions.optionalSegmentEndChar,","      wildcardChar: (arg2 != null ? arg2.wildcardChar : void 0) || defaultOptions.wildcardChar","    };","    parser = newParser(options);","    parsed = parser.pattern(arg1);","    if (parsed == null) {","      throw new Error(\"couldn't parse pattern\");","    }","    if (parsed.rest !== '') {","      throw new Error(\"could only partially parse pattern\");","    }","    this.ast = parsed.value;","    this.regex = new RegExp(astNodeToRegexString(this.ast, options.segmentValueCharset));","    this.names = astNodeToNames(this.ast);","  };","  UrlPattern.prototype.match = function(url) {","    var groups, match;","    match = this.regex.exec(url);","    if (match == null) {","      return null;","    }","    groups = match.slice(1);","    if (this.names) {","      return keysAndValuesToObject(this.names, groups);","    } else {","      return groups;","    }","  };","  UrlPattern.prototype.stringify = function(params) {","    if (params == null) {","      params = {};","    }","    if (this.isRegex) {","      throw new Error(\"can't stringify patterns generated from a regex\");","    }","    if (params !== Object(params)) {","      throw new Error(\"argument must be an object or undefined\");","    }","    return stringify(this.ast, params, {});","  };","  UrlPattern.escapeForRegex = escapeForRegex;","  UrlPattern.concatMap = concatMap;","  UrlPattern.stringConcatMap = stringConcatMap;","  UrlPattern.regexGroupCount = regexGroupCount;","  UrlPattern.keysAndValuesToObject = keysAndValuesToObject;","  UrlPattern.P = P;","  UrlPattern.newParser = newParser;","  UrlPattern.defaultOptions = defaultOptions;","  UrlPattern.astNodeToRegexString = astNodeToRegexString;","  UrlPattern.astNodeToNames = astNodeToNames;","  UrlPattern.getParam = getParam;","  UrlPattern.astNodeContainsSegmentsForProvidedParams = astNodeContainsSegmentsForProvidedParams;","  UrlPattern.stringify = stringify;","  return UrlPattern;","});",""],"l":{"2":1,"4":1,"5":1,"6":0,"7":1,"8":1,"10":0,"13":1,"14":1,"15":0,"17":1,"18":0,"19":0,"20":0,"21":0,"22":0,"23":0,"25":0,"27":1,"28":0,"29":0,"30":0,"31":0,"32":0,"33":0,"35":0,"37":1,"38":0,"40":1,"41":0,"42":0,"43":0,"44":0,"45":0,"46":0,"47":0,"48":0,"49":0,"51":0,"52":0,"53":0,"55":0,"57":0,"60":0,"62":1,"63":1,"64":0,"65":0,"67":1,"68":0,"69":0,"71":1,"72":0,"73":0,"74":0,"75":0,"76":0,"78":0,"79":0,"82":1,"83":0,"84":0,"85":0,"86":0,"87":0,"89":0,"90":0,"93":1,"94":0,"95":0,"96":0,"97":0,"98":0,"99":0,"100":0,"101":0,"102":0,"103":0,"104":0,"105":0,"106":0,"108":0,"109":0,"111":0,"114":1,"115":0,"116":0,"117":0,"118":0,"119":0,"120":0,"121":0,"123":0,"124":0,"125":0,"128":1,"129":0,"130":0,"131":0,"132":0,"133":0,"137":1,"138":0,"139":0,"140":0,"141":0,"142":0,"144":0,"147":1,"148":0,"149":0,"150":0,"151":0,"152":0,"153":0,"154":0,"155":0,"158":0,"159":0,"160":0,"162":0,"163":0,"165":0,"167":0,"169":0,"170":0,"172":0,"174":1,"175":0,"176":0,"179":1,"180":0,"181":0,"184":1,"185":0,"186":0,"187":0,"188":0,"189":0,"190":0,"191":0,"192":0,"193":0,"194":0,"195":0,"200":1,"201":0,"202":0,"203":0,"204":0,"205":0,"207":0,"208":0,"209":0,"211":0,"212":0,"213":0,"215":0,"216":0,"218":0,"219":0,"221":0,"223":1,"232":1,"233":0,"234":0,"235":0,"238":0,"240":0,"242":0,"244":0,"246":0,"249":1,"250":0,"251":0,"253":0,"255":1,"256":0,"257":0,"259":0,"261":0,"263":0,"265":0,"267":0,"270":1,"271":0,"272":0,"273":0,"275":0,"276":0,"277":0,"278":0,"280":0,"283":0,"284":0,"285":0,"286":0,"287":0,"289":0,"292":0,"293":0,"294":0,"296":0,"298":1,"299":0,"300":0,"301":0,"302":0,"303":0,"304":0,"305":0,"308":0,"310":0,"312":0,"314":0,"316":0,"318":0,"321":1,"322":0,"323":0,"324":0,"327":0,"329":0,"331":0,"333":0,"335":0,"336":0,"338":0,"342":1,"343":0,"344":0,"345":0,"346":0,"347":0,"348":0,"349":0,"351":0,"352":0,"353":0,"355":0,"356":0,"357":0,"358":0,"359":0,"361":0,"362":0,"363":0,"365":0,"367":0,"369":0,"370":0,"372":0,"373":0,"374":0,"376":0,"385":0,"386":0,"387":0,"388":0,"390":0,"391":0,"393":0,"394":0,"395":0,"397":1,"398":0,"399":0,"400":0,"401":0,"403":0,"404":0,"405":0,"407":0,"410":1,"411":0,"412":0,"414":0,"415":0,"417":0,"418":0,"420":0,"422":1,"423":1,"424":1,"425":1,"426":1,"427":1,"428":1,"429":1,"430":1,"431":1,"432":1,"433":1,"434":1,"435":1}}}